TN:
SF:src/constants.ts
FNF:0
FNH:0
DA:3,0
DA:26,0
DA:62,0
DA:70,0
DA:72,0
LF:5
LH:0
BRF:0
BRH:0
end_of_record
TN:
SF:src/jsx-runtime.ts
FN:15,setDatacorePreact
FN:27,h
FN:42,Fragment
FNF:3
FNH:0
FNDA:0,setDatacorePreact
FNDA:0,h
FNDA:0,Fragment
DA:8,0
DA:9,0
DA:15,0
DA:19,0
DA:20,0
DA:27,0
DA:28,0
DA:29,0
DA:35,0
DA:42,0
DA:43,0
DA:44,0
DA:46,0
DA:50,0
DA:51,0
DA:52,0
LF:16
LH:0
BRDA:28,0,0,0
BRDA:43,1,0,0
BRDA:50,2,0,0
BRF:3
BRH:0
end_of_record
TN:
SF:src/modals.ts
FN:8,(anonymous_0)
FN:14,(anonymous_1)
FN:26,(anonymous_2)
FN:30,(anonymous_3)
FN:30,(anonymous_4)
FN:36,(anonymous_5)
FNF:6
FNH:0
FNDA:0,(anonymous_0)
FNDA:0,(anonymous_1)
FNDA:0,(anonymous_2)
FNDA:0,(anonymous_3)
FNDA:0,(anonymous_4)
FNDA:0,(anonymous_5)
DA:1,0
DA:4,0
DA:9,0
DA:10,0
DA:11,0
DA:15,0
DA:16,0
DA:18,0
DA:19,0
DA:23,0
DA:25,0
DA:26,0
DA:28,0
DA:29,0
DA:30,0
DA:31,0
DA:32,0
DA:37,0
DA:38,0
LF:19
LH:0
BRF:0
BRH:0
end_of_record
TN:
SF:src/persistence.ts
FN:10,(anonymous_0)
FN:20,(anonymous_1)
FN:32,(anonymous_3)
FN:36,(anonymous_5)
FN:40,(anonymous_6)
FN:46,(anonymous_8)
FN:50,(anonymous_9)
FN:56,(anonymous_11)
FN:61,(anonymous_12)
FN:82,(anonymous_14)
FN:87,(anonymous_16)
FN:92,(anonymous_17)
FN:103,(anonymous_19)
FNF:13
FNH:0
FNDA:0,(anonymous_0)
FNDA:0,(anonymous_1)
FNDA:0,(anonymous_3)
FNDA:0,(anonymous_5)
FNDA:0,(anonymous_6)
FNDA:0,(anonymous_8)
FNDA:0,(anonymous_9)
FNDA:0,(anonymous_11)
FNDA:0,(anonymous_12)
FNDA:0,(anonymous_14)
FNDA:0,(anonymous_16)
FNDA:0,(anonymous_17)
FNDA:0,(anonymous_19)
DA:3,0
DA:4,0
DA:6,0
DA:11,0
DA:12,0
DA:21,0
DA:22,0
DA:23,0
DA:33,0
DA:37,0
DA:41,0
DA:42,0
DA:43,0
DA:47,0
DA:51,0
DA:52,0
DA:53,0
DA:57,0
DA:58,0
DA:62,0
DA:63,0
DA:66,0
DA:67,0
DA:68,0
DA:69,0
DA:70,0
DA:71,0
DA:72,0
DA:74,0
DA:78,0
DA:79,0
DA:83,0
DA:84,0
DA:88,0
DA:89,0
DA:93,0
DA:94,0
DA:97,0
DA:99,0
DA:100,0
DA:104,0
DA:105,0
LF:42
LH:0
BRDA:22,0,0,0
BRDA:24,1,0,0
BRDA:24,1,1,0
BRDA:25,2,0,0
BRDA:25,2,1,0
BRDA:26,3,0,0
BRDA:26,3,1,0
BRDA:27,4,0,0
BRDA:27,4,1,0
BRDA:58,5,0,0
BRDA:58,5,1,0
BRDA:63,6,0,0
BRDA:63,6,1,0
BRDA:69,7,0,0
BRDA:69,7,1,0
BRDA:69,8,0,0
BRDA:69,8,1,0
BRDA:71,9,0,0
BRDA:71,9,1,0
BRDA:89,10,0,0
BRDA:89,10,1,0
BRDA:94,11,0,0
BRDA:94,11,1,0
BRF:23
BRH:0
end_of_record
TN:
SF:src/settings-tab.ts
FN:15,(anonymous_0)
FN:21,(anonymous_1)
FN:23,(anonymous_2)
FN:28,(anonymous_3)
FN:32,(anonymous_4)
FN:42,(anonymous_5)
FN:50,(anonymous_6)
FN:97,(anonymous_8)
FN:110,(anonymous_9)
FN:115,(anonymous_10)
FN:115,(anonymous_11)
FN:126,(anonymous_12)
FN:129,(anonymous_13)
FN:129,(anonymous_14)
FN:137,(anonymous_15)
FN:140,(anonymous_16)
FN:140,(anonymous_17)
FN:148,(anonymous_18)
FN:151,(anonymous_19)
FN:151,(anonymous_20)
FN:159,(anonymous_21)
FN:165,(anonymous_22)
FN:165,(anonymous_23)
FN:180,(anonymous_24)
FN:188,(anonymous_25)
FN:188,(anonymous_26)
FN:196,(anonymous_27)
FN:199,(anonymous_28)
FN:199,(anonymous_29)
FN:206,(anonymous_30)
FN:210,(anonymous_31)
FN:210,(anonymous_32)
FN:225,(anonymous_33)
FN:228,(anonymous_34)
FN:228,(anonymous_35)
FN:258,(anonymous_36)
FN:270,(anonymous_37)
FN:274,(anonymous_38)
FN:274,(anonymous_39)
FN:284,(anonymous_40)
FN:288,(anonymous_41)
FN:288,(anonymous_42)
FN:298,(anonymous_43)
FN:301,(anonymous_44)
FN:301,(anonymous_45)
FN:350,(anonymous_46)
FN:354,(anonymous_47)
FN:354,(anonymous_48)
FN:363,(anonymous_49)
FN:367,(anonymous_50)
FN:367,(anonymous_51)
FN:376,(anonymous_52)
FN:379,(anonymous_53)
FN:379,(anonymous_54)
FN:387,(anonymous_55)
FN:391,(anonymous_56)
FN:391,(anonymous_57)
FN:400,(anonymous_58)
FN:404,(anonymous_59)
FN:404,(anonymous_60)
FN:413,(anonymous_61)
FN:416,(anonymous_62)
FN:416,(anonymous_63)
FN:424,(anonymous_64)
FN:428,(anonymous_65)
FN:428,(anonymous_66)
FN:436,(anonymous_67)
FN:439,(anonymous_68)
FN:439,(anonymous_69)
FN:447,(anonymous_70)
FN:451,(anonymous_71)
FN:451,(anonymous_72)
FN:459,(anonymous_73)
FN:462,(anonymous_74)
FN:462,(anonymous_75)
FN:470,(anonymous_76)
FN:480,(anonymous_77)
FN:480,(anonymous_78)
FN:488,(anonymous_79)
FN:493,(anonymous_80)
FN:493,(anonymous_81)
FN:501,(anonymous_82)
FN:505,(anonymous_83)
FN:505,(anonymous_84)
FN:513,(anonymous_85)
FN:519,(anonymous_86)
FN:519,(anonymous_87)
FN:527,(anonymous_88)
FN:533,(anonymous_89)
FN:533,(anonymous_90)
FN:541,(anonymous_91)
FN:545,(anonymous_92)
FN:545,(anonymous_93)
FN:561,(anonymous_94)
FN:562,(anonymous_95)
FN:569,(anonymous_96)
FN:575,(anonymous_97)
FN:575,(anonymous_98)
FN:630,(anonymous_99)
FN:631,(anonymous_100)
FN:631,(anonymous_101)
FN:674,(anonymous_102)
FN:678,(anonymous_103)
FN:679,(anonymous_104)
FN:679,(anonymous_105)
FN:698,(anonymous_106)
FNF:106
FNH:0
FNDA:0,(anonymous_0)
FNDA:0,(anonymous_1)
FNDA:0,(anonymous_2)
FNDA:0,(anonymous_3)
FNDA:0,(anonymous_4)
FNDA:0,(anonymous_5)
FNDA:0,(anonymous_6)
FNDA:0,(anonymous_8)
FNDA:0,(anonymous_9)
FNDA:0,(anonymous_10)
FNDA:0,(anonymous_11)
FNDA:0,(anonymous_12)
FNDA:0,(anonymous_13)
FNDA:0,(anonymous_14)
FNDA:0,(anonymous_15)
FNDA:0,(anonymous_16)
FNDA:0,(anonymous_17)
FNDA:0,(anonymous_18)
FNDA:0,(anonymous_19)
FNDA:0,(anonymous_20)
FNDA:0,(anonymous_21)
FNDA:0,(anonymous_22)
FNDA:0,(anonymous_23)
FNDA:0,(anonymous_24)
FNDA:0,(anonymous_25)
FNDA:0,(anonymous_26)
FNDA:0,(anonymous_27)
FNDA:0,(anonymous_28)
FNDA:0,(anonymous_29)
FNDA:0,(anonymous_30)
FNDA:0,(anonymous_31)
FNDA:0,(anonymous_32)
FNDA:0,(anonymous_33)
FNDA:0,(anonymous_34)
FNDA:0,(anonymous_35)
FNDA:0,(anonymous_36)
FNDA:0,(anonymous_37)
FNDA:0,(anonymous_38)
FNDA:0,(anonymous_39)
FNDA:0,(anonymous_40)
FNDA:0,(anonymous_41)
FNDA:0,(anonymous_42)
FNDA:0,(anonymous_43)
FNDA:0,(anonymous_44)
FNDA:0,(anonymous_45)
FNDA:0,(anonymous_46)
FNDA:0,(anonymous_47)
FNDA:0,(anonymous_48)
FNDA:0,(anonymous_49)
FNDA:0,(anonymous_50)
FNDA:0,(anonymous_51)
FNDA:0,(anonymous_52)
FNDA:0,(anonymous_53)
FNDA:0,(anonymous_54)
FNDA:0,(anonymous_55)
FNDA:0,(anonymous_56)
FNDA:0,(anonymous_57)
FNDA:0,(anonymous_58)
FNDA:0,(anonymous_59)
FNDA:0,(anonymous_60)
FNDA:0,(anonymous_61)
FNDA:0,(anonymous_62)
FNDA:0,(anonymous_63)
FNDA:0,(anonymous_64)
FNDA:0,(anonymous_65)
FNDA:0,(anonymous_66)
FNDA:0,(anonymous_67)
FNDA:0,(anonymous_68)
FNDA:0,(anonymous_69)
FNDA:0,(anonymous_70)
FNDA:0,(anonymous_71)
FNDA:0,(anonymous_72)
FNDA:0,(anonymous_73)
FNDA:0,(anonymous_74)
FNDA:0,(anonymous_75)
FNDA:0,(anonymous_76)
FNDA:0,(anonymous_77)
FNDA:0,(anonymous_78)
FNDA:0,(anonymous_79)
FNDA:0,(anonymous_80)
FNDA:0,(anonymous_81)
FNDA:0,(anonymous_82)
FNDA:0,(anonymous_83)
FNDA:0,(anonymous_84)
FNDA:0,(anonymous_85)
FNDA:0,(anonymous_86)
FNDA:0,(anonymous_87)
FNDA:0,(anonymous_88)
FNDA:0,(anonymous_89)
FNDA:0,(anonymous_90)
FNDA:0,(anonymous_91)
FNDA:0,(anonymous_92)
FNDA:0,(anonymous_93)
FNDA:0,(anonymous_94)
FNDA:0,(anonymous_95)
FNDA:0,(anonymous_96)
FNDA:0,(anonymous_97)
FNDA:0,(anonymous_98)
FNDA:0,(anonymous_99)
FNDA:0,(anonymous_100)
FNDA:0,(anonymous_101)
FNDA:0,(anonymous_102)
FNDA:0,(anonymous_103)
FNDA:0,(anonymous_104)
FNDA:0,(anonymous_105)
FNDA:0,(anonymous_106)
DA:1,0
DA:3,0
DA:4,0
DA:5,0
DA:16,0
DA:17,0
DA:18,0
DA:22,0
DA:23,0
DA:24,0
DA:29,0
DA:33,0
DA:34,0
DA:35,0
DA:39,0
DA:43,0
DA:44,0
DA:51,0
DA:52,0
DA:55,0
DA:56,0
DA:58,0
DA:59,0
DA:60,0
DA:62,0
DA:63,0
DA:64,0
DA:66,0
DA:67,0
DA:68,0
DA:72,0
DA:73,0
DA:75,0
DA:76,0
DA:77,0
DA:79,0
DA:80,0
DA:81,0
DA:83,0
DA:84,0
DA:85,0
DA:89,0
DA:90,0
DA:92,0
DA:93,0
DA:98,0
DA:100,0
DA:103,0
DA:105,0
DA:107,0
DA:111,0
DA:115,0
DA:116,0
DA:118,0
DA:119,0
DA:123,0
DA:127,0
DA:129,0
DA:130,0
DA:134,0
DA:138,0
DA:140,0
DA:141,0
DA:145,0
DA:149,0
DA:151,0
DA:152,0
DA:156,0
DA:160,0
DA:165,0
DA:166,0
DA:168,0
DA:169,0
DA:170,0
DA:171,0
DA:172,0
DA:177,0
DA:181,0
DA:188,0
DA:189,0
DA:193,0
DA:197,0
DA:199,0
DA:200,0
DA:204,0
DA:207,0
DA:210,0
DA:211,0
DA:215,0
DA:216,0
DA:220,0
DA:223,0
DA:226,0
DA:228,0
DA:229,0
DA:230,0
DA:231,0
DA:232,0
DA:234,0
DA:235,0
DA:240,0
DA:241,0
DA:244,0
DA:249,0
DA:252,0
DA:253,0
DA:258,0
DA:259,0
DA:260,0
DA:261,0
DA:263,0
DA:267,0
DA:271,0
DA:274,0
DA:275,0
DA:276,0
DA:277,0
DA:281,0
DA:285,0
DA:288,0
DA:289,0
DA:290,0
DA:291,0
DA:295,0
DA:299,0
DA:301,0
DA:302,0
DA:307,0
DA:310,0
DA:311,0
DA:312,0
DA:314,0
DA:315,0
DA:319,0
DA:322,0
DA:324,0
DA:325,0
DA:326,0
DA:330,0
DA:332,0
DA:333,0
DA:334,0
DA:335,0
DA:338,0
DA:342,0
DA:345,0
DA:347,0
DA:351,0
DA:354,0
DA:355,0
DA:357,0
DA:360,0
DA:364,0
DA:367,0
DA:368,0
DA:370,0
DA:373,0
DA:377,0
DA:379,0
DA:380,0
DA:384,0
DA:388,0
DA:391,0
DA:392,0
DA:394,0
DA:397,0
DA:401,0
DA:404,0
DA:405,0
DA:407,0
DA:410,0
DA:414,0
DA:416,0
DA:417,0
DA:421,0
DA:425,0
DA:428,0
DA:429,0
DA:433,0
DA:437,0
DA:439,0
DA:440,0
DA:444,0
DA:448,0
DA:451,0
DA:452,0
DA:456,0
DA:460,0
DA:462,0
DA:463,0
DA:467,0
DA:471,0
DA:480,0
DA:481,0
DA:485,0
DA:489,0
DA:493,0
DA:494,0
DA:498,0
DA:502,0
DA:505,0
DA:506,0
DA:510,0
DA:514,0
DA:519,0
DA:520,0
DA:524,0
DA:528,0
DA:533,0
DA:534,0
DA:538,0
DA:542,0
DA:545,0
DA:546,0
DA:547,0
DA:548,0
DA:554,0
DA:558,0
DA:562,0
DA:563,0
DA:564,0
DA:569,0
DA:570,0
DA:572,0
DA:573,0
DA:574,0
DA:575,0
DA:577,0
DA:578,0
DA:579,0
DA:580,0
DA:582,0
DA:583,0
DA:584,0
DA:588,0
DA:590,0
DA:591,0
DA:594,0
DA:595,0
DA:596,0
DA:597,0
DA:603,0
DA:604,0
DA:605,0
DA:606,0
DA:612,0
DA:613,0
DA:616,0
DA:619,0
DA:622,0
DA:627,0
DA:631,0
DA:632,0
DA:633,0
DA:635,0
DA:639,0
DA:642,0
DA:643,0
DA:644,0
DA:645,0
DA:647,0
DA:648,0
DA:652,0
DA:655,0
DA:661,0
DA:662,0
DA:666,0
DA:667,0
DA:671,0
DA:675,0
DA:679,0
DA:681,0
DA:682,0
DA:685,0
DA:686,0
DA:689,0
DA:692,0
DA:700,0
LF:278
LH:0
BRDA:29,0,0,0
BRDA:29,0,1,0
BRDA:58,1,0,0
BRDA:62,2,0,0
BRDA:66,3,0,0
BRDA:75,4,0,0
BRDA:79,5,0,0
BRDA:83,6,0,0
BRDA:89,7,0,0
BRDA:92,8,0,0
BRDA:169,9,0,0
BRDA:169,9,1,0
BRDA:171,10,0,0
BRDA:230,11,0,0
BRDA:230,11,1,0
BRDA:259,12,0,0
BRDA:259,12,1,0
BRDA:260,13,0,0
BRDA:260,13,1,0
BRDA:310,14,0,0
BRDA:310,14,1,0
BRDA:547,15,0,0
BRDA:547,16,0,0
BRDA:547,16,1,0
BRDA:570,17,0,0
BRDA:570,17,1,0
BRDA:570,18,0,0
BRDA:570,18,1,0
BRDA:572,19,0,0
BRDA:577,20,0,0
BRDA:577,20,1,0
BRDA:577,21,0,0
BRDA:577,21,1,0
BRDA:578,22,0,0
BRDA:588,23,0,0
BRDA:594,24,0,0
BRDA:596,25,0,0
BRDA:603,26,0,0
BRDA:605,27,0,0
BRDA:642,28,0,0
BRDA:642,29,0,0
BRDA:642,29,1,0
BRDA:647,30,0,0
BRF:43
BRH:0
end_of_record
TN:
SF:src/bases/card-view.ts
FN:52,(anonymous_0)
FN:48,(anonymous_1)
FN:72,(anonymous_2)
FN:79,(anonymous_3)
FN:80,(anonymous_4)
FN:96,(anonymous_5)
FN:99,(anonymous_6)
FN:105,(anonymous_7)
FN:106,(anonymous_8)
FN:106,(anonymous_9)
FN:149,(anonymous_10)
FN:154,(anonymous_11)
FN:182,(anonymous_12)
FN:253,(anonymous_13)
FN:271,(anonymous_14)
FN:281,(anonymous_15)
FN:305,(anonymous_16)
FN:310,(anonymous_18)
FN:311,(anonymous_19)
FN:322,(anonymous_20)
FN:337,(anonymous_21)
FN:338,(anonymous_22)
FN:349,(anonymous_23)
FN:361,(anonymous_24)
FN:375,(anonymous_25)
FN:410,(anonymous_26)
FN:419,(anonymous_27)
FN:429,(anonymous_28)
FN:433,(anonymous_29)
FN:437,(anonymous_30)
FNF:30
FNH:0
FNDA:0,(anonymous_0)
FNDA:0,(anonymous_1)
FNDA:0,(anonymous_2)
FNDA:0,(anonymous_3)
FNDA:0,(anonymous_4)
FNDA:0,(anonymous_5)
FNDA:0,(anonymous_6)
FNDA:0,(anonymous_7)
FNDA:0,(anonymous_8)
FNDA:0,(anonymous_9)
FNDA:0,(anonymous_10)
FNDA:0,(anonymous_11)
FNDA:0,(anonymous_12)
FNDA:0,(anonymous_13)
FNDA:0,(anonymous_14)
FNDA:0,(anonymous_15)
FNDA:0,(anonymous_16)
FNDA:0,(anonymous_18)
FNDA:0,(anonymous_19)
FNDA:0,(anonymous_20)
FNDA:0,(anonymous_21)
FNDA:0,(anonymous_22)
FNDA:0,(anonymous_23)
FNDA:0,(anonymous_24)
FNDA:0,(anonymous_25)
FNDA:0,(anonymous_26)
FNDA:0,(anonymous_27)
FNDA:0,(anonymous_28)
FNDA:0,(anonymous_29)
FNDA:0,(anonymous_30)
DA:6,0
DA:8,0
DA:9,0
DA:10,0
DA:11,0
DA:12,0
DA:13,0
DA:14,0
DA:25,0
DA:27,0
DA:28,0
DA:31,0
DA:32,0
DA:33,0
DA:34,0
DA:35,0
DA:36,0
DA:37,0
DA:38,0
DA:39,0
DA:40,0
DA:41,0
DA:43,0
DA:44,0
DA:45,0
DA:48,0
DA:53,0
DA:55,0
DA:60,0
DA:62,0
DA:69,0
DA:72,0
DA:73,0
DA:74,0
DA:76,0
DA:77,0
DA:79,0
DA:80,0
DA:82,0
DA:83,0
DA:84,0
DA:90,0
DA:96,0
DA:102,0
DA:106,0
DA:108,0
DA:109,0
DA:112,0
DA:113,0
DA:116,0
DA:123,0
DA:125,0
DA:126,0
DA:127,0
DA:128,0
DA:131,0
DA:132,0
DA:135,0
DA:138,0
DA:142,0
DA:143,0
DA:144,0
DA:146,0
DA:149,0
DA:150,0
DA:152,0
DA:154,0
DA:155,0
DA:156,0
DA:157,0
DA:161,0
DA:165,0
DA:166,0
DA:168,0
DA:169,0
DA:170,0
DA:171,0
DA:172,0
DA:176,0
DA:179,0
DA:182,0
DA:183,0
DA:186,0
DA:189,0
DA:190,0
DA:191,0
DA:193,0
DA:194,0
DA:196,0
DA:199,0
DA:202,0
DA:203,0
DA:207,0
DA:209,0
DA:210,0
DA:212,0
DA:213,0
DA:217,0
DA:218,0
DA:219,0
DA:223,0
DA:234,0
DA:235,0
DA:236,0
DA:237,0
DA:240,0
DA:244,0
DA:245,0
DA:249,0
DA:252,0
DA:253,0
DA:254,0
DA:256,0
DA:257,0
DA:258,0
DA:259,0
DA:261,0
DA:263,0
DA:267,0
DA:278,0
DA:283,0
DA:286,0
DA:287,0
DA:289,0
DA:290,0
DA:293,0
DA:294,0
DA:295,0
DA:297,0
DA:298,0
DA:299,0
DA:302,0
DA:307,0
DA:309,0
DA:310,0
DA:312,0
DA:313,0
DA:315,0
DA:316,0
DA:322,0
DA:324,0
DA:334,0
DA:336,0
DA:337,0
DA:339,0
DA:340,0
DA:342,0
DA:343,0
DA:349,0
DA:351,0
DA:363,0
DA:364,0
DA:365,0
DA:369,0
DA:370,0
DA:375,0
DA:377,0
DA:378,0
DA:382,0
DA:383,0
DA:387,0
DA:388,0
DA:389,0
DA:390,0
DA:393,0
DA:394,0
DA:395,0
DA:398,0
DA:399,0
DA:402,0
DA:403,0
DA:406,0
DA:410,0
DA:411,0
DA:416,0
DA:419,0
DA:420,0
DA:421,0
DA:423,0
DA:424,0
DA:430,0
DA:431,0
DA:433,0
DA:434,0
DA:438,0
DA:443,0
LF:186
LH:0
BRDA:69,0,0,0
BRDA:69,0,1,0
BRDA:74,1,0,0
BRDA:74,2,0,0
BRDA:74,2,1,0
BRDA:76,3,0,0
BRDA:76,3,1,0
BRDA:76,4,0,0
BRDA:76,4,1,0
BRDA:76,5,0,0
BRDA:76,5,1,0
BRDA:82,6,0,0
BRDA:108,7,0,0
BRDA:142,8,0,0
BRDA:142,9,0,0
BRDA:142,9,1,0
BRDA:152,10,0,0
BRDA:152,11,0,0
BRDA:152,11,1,0
BRDA:169,12,0,0
BRDA:191,13,0,0
BRDA:194,14,0,0
BRDA:202,15,0,0
BRDA:209,16,0,0
BRDA:209,17,0,0
BRDA:209,17,1,0
BRDA:209,18,0,0
BRDA:209,18,1,0
BRDA:218,19,0,0
BRDA:218,19,1,0
BRDA:218,20,0,0
BRDA:218,20,1,0
BRDA:218,21,0,0
BRDA:218,21,1,0
BRDA:244,22,0,0
BRDA:252,23,0,0
BRDA:286,24,0,0
BRDA:286,25,0,0
BRDA:286,25,1,0
BRDA:293,26,0,0
BRDA:297,27,0,0
BRDA:307,28,0,0
BRDA:313,29,0,0
BRDA:319,30,0,0
BRDA:319,30,1,0
BRDA:319,31,0,0
BRDA:319,31,1,0
BRDA:334,32,0,0
BRDA:340,33,0,0
BRDA:363,34,0,0
BRDA:369,35,0,0
BRDA:377,36,0,0
BRDA:382,37,0,0
BRDA:394,38,0,0
BRDA:394,38,1,0
BRDA:398,39,0,0
BRDA:398,40,0,0
BRDA:398,40,1,0
BRDA:420,41,0,0
BRDA:423,42,0,0
BRDA:430,43,0,0
BRF:61
BRH:0
end_of_record
TN:
SF:src/bases/masonry-view.ts
FN:47,(anonymous_0)
FN:43,(anonymous_1)
FN:67,(anonymous_2)
FN:74,(anonymous_3)
FN:75,(anonymous_4)
FN:91,(anonymous_5)
FN:94,(anonymous_6)
FN:100,(anonymous_7)
FN:101,(anonymous_8)
FN:101,(anonymous_9)
FN:149,(anonymous_10)
FN:154,(anonymous_11)
FN:182,(anonymous_12)
FN:249,(anonymous_13)
FN:256,(anonymous_14)
FN:287,(anonymous_15)
FN:293,(anonymous_16)
FN:315,(anonymous_17)
FN:321,(anonymous_18)
FN:324,(anonymous_19)
FN:330,(anonymous_20)
FN:333,(anonymous_21)
FN:343,(anonymous_22)
FN:367,(anonymous_23)
FN:372,(anonymous_25)
FN:373,(anonymous_26)
FN:384,(anonymous_27)
FN:399,(anonymous_28)
FN:400,(anonymous_29)
FN:411,(anonymous_30)
FN:423,(anonymous_31)
FN:441,(anonymous_32)
FN:472,(anonymous_33)
FN:481,(anonymous_34)
FN:491,(anonymous_35)
FN:499,(anonymous_36)
FN:512,(anonymous_37)
FN:513,(anonymous_38)
FN:517,(anonymous_39)
FNF:39
FNH:0
FNDA:0,(anonymous_0)
FNDA:0,(anonymous_1)
FNDA:0,(anonymous_2)
FNDA:0,(anonymous_3)
FNDA:0,(anonymous_4)
FNDA:0,(anonymous_5)
FNDA:0,(anonymous_6)
FNDA:0,(anonymous_7)
FNDA:0,(anonymous_8)
FNDA:0,(anonymous_9)
FNDA:0,(anonymous_10)
FNDA:0,(anonymous_11)
FNDA:0,(anonymous_12)
FNDA:0,(anonymous_13)
FNDA:0,(anonymous_14)
FNDA:0,(anonymous_15)
FNDA:0,(anonymous_16)
FNDA:0,(anonymous_17)
FNDA:0,(anonymous_18)
FNDA:0,(anonymous_19)
FNDA:0,(anonymous_20)
FNDA:0,(anonymous_21)
FNDA:0,(anonymous_22)
FNDA:0,(anonymous_23)
FNDA:0,(anonymous_25)
FNDA:0,(anonymous_26)
FNDA:0,(anonymous_27)
FNDA:0,(anonymous_28)
FNDA:0,(anonymous_29)
FNDA:0,(anonymous_30)
FNDA:0,(anonymous_31)
FNDA:0,(anonymous_32)
FNDA:0,(anonymous_33)
FNDA:0,(anonymous_34)
FNDA:0,(anonymous_35)
FNDA:0,(anonymous_36)
FNDA:0,(anonymous_37)
FNDA:0,(anonymous_38)
FNDA:0,(anonymous_39)
DA:6,0
DA:8,0
DA:9,0
DA:10,0
DA:11,0
DA:12,0
DA:13,0
DA:14,0
DA:15,0
DA:19,0
DA:21,0
DA:22,0
DA:25,0
DA:26,0
DA:27,0
DA:28,0
DA:29,0
DA:30,0
DA:31,0
DA:32,0
DA:33,0
DA:34,0
DA:35,0
DA:36,0
DA:38,0
DA:39,0
DA:40,0
DA:43,0
DA:48,0
DA:50,0
DA:55,0
DA:57,0
DA:64,0
DA:67,0
DA:68,0
DA:69,0
DA:71,0
DA:72,0
DA:74,0
DA:75,0
DA:77,0
DA:78,0
DA:79,0
DA:85,0
DA:91,0
DA:97,0
DA:101,0
DA:103,0
DA:104,0
DA:107,0
DA:108,0
DA:111,0
DA:118,0
DA:121,0
DA:124,0
DA:125,0
DA:126,0
DA:127,0
DA:128,0
DA:129,0
DA:130,0
DA:131,0
DA:132,0
DA:138,0
DA:142,0
DA:143,0
DA:144,0
DA:146,0
DA:149,0
DA:150,0
DA:152,0
DA:154,0
DA:155,0
DA:156,0
DA:157,0
DA:161,0
DA:165,0
DA:166,0
DA:168,0
DA:169,0
DA:170,0
DA:171,0
DA:172,0
DA:176,0
DA:179,0
DA:182,0
DA:183,0
DA:186,0
DA:189,0
DA:192,0
DA:193,0
DA:194,0
DA:196,0
DA:197,0
DA:199,0
DA:202,0
DA:205,0
DA:206,0
DA:210,0
DA:212,0
DA:213,0
DA:215,0
DA:216,0
DA:220,0
DA:221,0
DA:222,0
DA:226,0
DA:237,0
DA:238,0
DA:239,0
DA:240,0
DA:243,0
DA:247,0
DA:249,0
DA:250,0
DA:251,0
DA:255,0
DA:256,0
DA:258,0
DA:259,0
DA:260,0
DA:262,0
DA:263,0
DA:264,0
DA:268,0
DA:274,0
DA:275,0
DA:280,0
DA:283,0
DA:288,0
DA:290,0
DA:293,0
DA:294,0
DA:296,0
DA:297,0
DA:299,0
DA:302,0
DA:311,0
DA:315,0
DA:316,0
DA:317,0
DA:320,0
DA:321,0
DA:324,0
DA:325,0
DA:326,0
DA:329,0
DA:330,0
DA:340,0
DA:345,0
DA:348,0
DA:349,0
DA:351,0
DA:352,0
DA:355,0
DA:356,0
DA:357,0
DA:359,0
DA:360,0
DA:361,0
DA:364,0
DA:369,0
DA:371,0
DA:372,0
DA:374,0
DA:375,0
DA:377,0
DA:378,0
DA:384,0
DA:386,0
DA:396,0
DA:398,0
DA:399,0
DA:401,0
DA:402,0
DA:404,0
DA:405,0
DA:411,0
DA:413,0
DA:425,0
DA:426,0
DA:427,0
DA:429,0
DA:430,0
DA:431,0
DA:435,0
DA:436,0
DA:441,0
DA:443,0
DA:444,0
DA:448,0
DA:449,0
DA:450,0
DA:451,0
DA:454,0
DA:455,0
DA:456,0
DA:459,0
DA:460,0
DA:463,0
DA:464,0
DA:467,0
DA:472,0
DA:474,0
DA:475,0
DA:478,0
DA:481,0
DA:482,0
DA:487,0
DA:490,0
DA:491,0
DA:493,0
DA:495,0
DA:499,0
DA:500,0
DA:501,0
DA:503,0
DA:504,0
DA:506,0
DA:507,0
DA:513,0
DA:514,0
DA:518,0
DA:523,0
LF:224
LH:0
BRDA:64,0,0,0
BRDA:64,0,1,0
BRDA:69,1,0,0
BRDA:69,2,0,0
BRDA:69,2,1,0
BRDA:71,3,0,0
BRDA:71,3,1,0
BRDA:71,4,0,0
BRDA:71,4,1,0
BRDA:71,5,0,0
BRDA:71,5,1,0
BRDA:77,6,0,0
BRDA:103,7,0,0
BRDA:125,8,0,0
BRDA:125,9,0,0
BRDA:125,9,1,0
BRDA:130,10,0,0
BRDA:142,11,0,0
BRDA:142,12,0,0
BRDA:142,12,1,0
BRDA:152,13,0,0
BRDA:152,14,0,0
BRDA:152,14,1,0
BRDA:169,15,0,0
BRDA:194,16,0,0
BRDA:197,17,0,0
BRDA:205,18,0,0
BRDA:212,19,0,0
BRDA:212,20,0,0
BRDA:212,20,1,0
BRDA:212,21,0,0
BRDA:212,21,1,0
BRDA:221,22,0,0
BRDA:221,22,1,0
BRDA:221,23,0,0
BRDA:221,23,1,0
BRDA:221,24,0,0
BRDA:221,24,1,0
BRDA:247,25,0,0
BRDA:247,25,1,0
BRDA:250,26,0,0
BRDA:255,27,0,0
BRDA:258,28,0,0
BRDA:258,29,0,0
BRDA:258,29,1,0
BRDA:260,30,0,0
BRDA:274,31,0,0
BRDA:288,32,0,0
BRDA:294,33,0,0
BRDA:297,34,0,0
BRDA:316,35,0,0
BRDA:325,36,0,0
BRDA:348,37,0,0
BRDA:348,38,0,0
BRDA:348,38,1,0
BRDA:355,39,0,0
BRDA:359,40,0,0
BRDA:369,41,0,0
BRDA:375,42,0,0
BRDA:381,43,0,0
BRDA:381,43,1,0
BRDA:381,44,0,0
BRDA:381,44,1,0
BRDA:396,45,0,0
BRDA:402,46,0,0
BRDA:425,47,0,0
BRDA:429,48,0,0
BRDA:435,49,0,0
BRDA:443,50,0,0
BRDA:455,51,0,0
BRDA:455,51,1,0
BRDA:459,52,0,0
BRDA:459,53,0,0
BRDA:459,53,1,0
BRDA:474,54,0,0
BRDA:490,55,0,0
BRDA:500,56,0,0
BRDA:503,57,0,0
BRDA:506,58,0,0
BRF:79
BRH:0
end_of_record
TN:
SF:src/bases/shared-renderer.ts
FN:28,(anonymous_0)
FN:43,(anonymous_1)
FN:95,(anonymous_2)
FN:119,(anonymous_3)
FN:130,(anonymous_4)
FN:142,(anonymous_5)
FN:162,(anonymous_6)
FN:188,(anonymous_7)
FN:195,(anonymous_8)
FN:233,(anonymous_9)
FN:246,(anonymous_10)
FN:271,(anonymous_11)
FN:298,(anonymous_12)
FN:378,(anonymous_13)
FN:393,(anonymous_14)
FN:428,(anonymous_15)
FN:457,(anonymous_16)
FN:476,(anonymous_17)
FN:484,(anonymous_18)
FN:496,(anonymous_19)
FN:506,(anonymous_20)
FN:522,(anonymous_21)
FN:529,(anonymous_22)
FN:539,(anonymous_23)
FN:548,(anonymous_24)
FN:578,(anonymous_25)
FN:594,(anonymous_26)
FN:602,(anonymous_27)
FN:736,(anonymous_28)
FN:808,(anonymous_29)
FN:840,(anonymous_30)
FN:846,(anonymous_31)
FN:859,(anonymous_32)
FN:865,(anonymous_33)
FN:876,(anonymous_34)
FN:877,(anonymous_35)
FN:885,(anonymous_36)
FN:907,(anonymous_37)
FN:926,(anonymous_38)
FN:927,(anonymous_39)
FN:933,(anonymous_40)
FN:945,(anonymous_41)
FN:975,(anonymous_42)
FN:977,(anonymous_43)
FN:985,(anonymous_44)
FN:991,(anonymous_45)
FN:1003,(anonymous_46)
FN:1100,(anonymous_47)
FN:1101,(anonymous_48)
FNF:49
FNH:0
FNDA:0,(anonymous_0)
FNDA:0,(anonymous_1)
FNDA:0,(anonymous_2)
FNDA:0,(anonymous_3)
FNDA:0,(anonymous_4)
FNDA:0,(anonymous_5)
FNDA:0,(anonymous_6)
FNDA:0,(anonymous_7)
FNDA:0,(anonymous_8)
FNDA:0,(anonymous_9)
FNDA:0,(anonymous_10)
FNDA:0,(anonymous_11)
FNDA:0,(anonymous_12)
FNDA:0,(anonymous_13)
FNDA:0,(anonymous_14)
FNDA:0,(anonymous_15)
FNDA:0,(anonymous_16)
FNDA:0,(anonymous_17)
FNDA:0,(anonymous_18)
FNDA:0,(anonymous_19)
FNDA:0,(anonymous_20)
FNDA:0,(anonymous_21)
FNDA:0,(anonymous_22)
FNDA:0,(anonymous_23)
FNDA:0,(anonymous_24)
FNDA:0,(anonymous_25)
FNDA:0,(anonymous_26)
FNDA:0,(anonymous_27)
FNDA:0,(anonymous_28)
FNDA:0,(anonymous_29)
FNDA:0,(anonymous_30)
FNDA:0,(anonymous_31)
FNDA:0,(anonymous_32)
FNDA:0,(anonymous_33)
FNDA:0,(anonymous_34)
FNDA:0,(anonymous_35)
FNDA:0,(anonymous_36)
FNDA:0,(anonymous_37)
FNDA:0,(anonymous_38)
FNDA:0,(anonymous_39)
FNDA:0,(anonymous_40)
FNDA:0,(anonymous_41)
FNDA:0,(anonymous_42)
FNDA:0,(anonymous_43)
FNDA:0,(anonymous_44)
FNDA:0,(anonymous_45)
FNDA:0,(anonymous_46)
FNDA:0,(anonymous_47)
FNDA:0,(anonymous_48)
DA:6,0
DA:8,0
DA:9,0
DA:10,0
DA:11,0
DA:12,0
DA:13,0
DA:27,0
DA:29,0
DA:30,0
DA:31,0
DA:32,0
DA:51,0
DA:54,0
DA:55,0
DA:56,0
DA:58,0
DA:59,0
DA:60,0
DA:61,0
DA:62,0
DA:63,0
DA:67,0
DA:68,0
DA:69,0
DA:70,0
DA:74,0
DA:75,0
DA:76,0
DA:77,0
DA:81,0
DA:82,0
DA:85,0
DA:88,0
DA:89,0
DA:92,0
DA:95,0
DA:98,0
DA:99,0
DA:101,0
DA:102,0
DA:103,0
DA:104,0
DA:106,0
DA:108,0
DA:109,0
DA:110,0
DA:111,0
DA:112,0
DA:119,0
DA:120,0
DA:130,0
DA:131,0
DA:132,0
DA:133,0
DA:136,0
DA:138,0
DA:142,0
DA:143,0
DA:144,0
DA:146,0
DA:147,0
DA:151,0
DA:152,0
DA:154,0
DA:156,0
DA:162,0
DA:163,0
DA:164,0
DA:165,0
DA:166,0
DA:170,0
DA:173,0
DA:178,0
DA:179,0
DA:183,0
DA:186,0
DA:187,0
DA:188,0
DA:189,0
DA:194,0
DA:195,0
DA:197,0
DA:198,0
DA:201,0
DA:202,0
DA:204,0
DA:206,0
DA:209,0
DA:210,0
DA:211,0
DA:213,0
DA:214,0
DA:217,0
DA:221,0
DA:223,0
DA:226,0
DA:227,0
DA:230,0
DA:233,0
DA:234,0
DA:235,0
DA:236,0
DA:239,0
DA:240,0
DA:242,0
DA:246,0
DA:247,0
DA:250,0
DA:251,0
DA:258,0
DA:259,0
DA:271,0
DA:272,0
DA:273,0
DA:274,0
DA:275,0
DA:276,0
DA:277,0
DA:285,0
DA:298,0
DA:299,0
DA:300,0
DA:301,0
DA:304,0
DA:305,0
DA:306,0
DA:309,0
DA:310,0
DA:312,0
DA:313,0
DA:315,0
DA:324,0
DA:330,0
DA:331,0
DA:332,0
DA:333,0
DA:335,0
DA:340,0
DA:341,0
DA:344,0
DA:345,0
DA:347,0
DA:348,0
DA:351,0
DA:352,0
DA:353,0
DA:354,0
DA:356,0
DA:362,0
DA:363,0
DA:364,0
DA:365,0
DA:367,0
DA:372,0
DA:385,0
DA:387,0
DA:390,0
DA:393,0
DA:394,0
DA:395,0
DA:396,0
DA:400,0
DA:403,0
DA:404,0
DA:405,0
DA:408,0
DA:411,0
DA:414,0
DA:415,0
DA:416,0
DA:424,0
DA:428,0
DA:429,0
DA:430,0
DA:432,0
DA:441,0
DA:442,0
DA:444,0
DA:447,0
DA:450,0
DA:451,0
DA:454,0
DA:457,0
DA:458,0
DA:461,0
DA:466,0
DA:470,0
DA:471,0
DA:473,0
DA:474,0
DA:476,0
DA:477,0
DA:478,0
DA:480,0
DA:481,0
DA:484,0
DA:485,0
DA:486,0
DA:488,0
DA:489,0
DA:503,0
DA:506,0
DA:507,0
DA:508,0
DA:510,0
DA:511,0
DA:513,0
DA:514,0
DA:515,0
DA:517,0
DA:519,0
DA:522,0
DA:523,0
DA:526,0
DA:529,0
DA:530,0
DA:532,0
DA:533,0
DA:534,0
DA:535,0
DA:539,0
DA:540,0
DA:541,0
DA:542,0
DA:543,0
DA:548,0
DA:549,0
DA:550,0
DA:557,0
DA:561,0
DA:564,0
DA:565,0
DA:566,0
DA:585,0
DA:593,0
DA:594,0
DA:595,0
DA:596,0
DA:597,0
DA:598,0
DA:602,0
DA:603,0
DA:609,0
DA:612,0
DA:616,0
DA:618,0
DA:621,0
DA:622,0
DA:623,0
DA:624,0
DA:627,0
DA:628,0
DA:630,0
DA:631,0
DA:634,0
DA:635,0
DA:638,0
DA:639,0
DA:641,0
DA:642,0
DA:643,0
DA:646,0
DA:647,0
DA:649,0
DA:650,0
DA:651,0
DA:652,0
DA:655,0
DA:658,0
DA:659,0
DA:661,0
DA:662,0
DA:663,0
DA:664,0
DA:672,0
DA:673,0
DA:674,0
DA:675,0
DA:678,0
DA:679,0
DA:681,0
DA:682,0
DA:685,0
DA:686,0
DA:689,0
DA:690,0
DA:692,0
DA:693,0
DA:694,0
DA:697,0
DA:698,0
DA:700,0
DA:701,0
DA:702,0
DA:703,0
DA:706,0
DA:709,0
DA:710,0
DA:712,0
DA:713,0
DA:714,0
DA:715,0
DA:723,0
DA:724,0
DA:727,0
DA:729,0
DA:744,0
DA:745,0
DA:749,0
DA:750,0
DA:754,0
DA:755,0
DA:759,0
DA:760,0
DA:764,0
DA:765,0
DA:766,0
DA:768,0
DA:769,0
DA:771,0
DA:772,0
DA:777,0
DA:778,0
DA:779,0
DA:783,0
DA:784,0
DA:785,0
DA:789,0
DA:792,0
DA:795,0
DA:796,0
DA:797,0
DA:798,0
DA:802,0
DA:803,0
DA:804,0
DA:805,0
DA:806,0
DA:807,0
DA:808,0
DA:809,0
DA:810,0
DA:811,0
DA:812,0
DA:815,0
DA:823,0
DA:826,0
DA:828,0
DA:829,0
DA:830,0
DA:831,0
DA:832,0
DA:834,0
DA:835,0
DA:837,0
DA:838,0
DA:839,0
DA:840,0
DA:841,0
DA:846,0
DA:847,0
DA:848,0
DA:849,0
DA:850,0
DA:854,0
DA:856,0
DA:857,0
DA:858,0
DA:859,0
DA:860,0
DA:865,0
DA:866,0
DA:867,0
DA:868,0
DA:869,0
DA:873,0
DA:874,0
DA:876,0
DA:877,0
DA:878,0
DA:879,0
DA:880,0
DA:881,0
DA:884,0
DA:885,0
DA:886,0
DA:887,0
DA:889,0
DA:890,0
DA:891,0
DA:895,0
DA:896,0
DA:897,0
DA:898,0
DA:899,0
DA:906,0
DA:907,0
DA:908,0
DA:909,0
DA:910,0
DA:911,0
DA:912,0
DA:913,0
DA:914,0
DA:919,0
DA:920,0
DA:923,0
DA:924,0
DA:926,0
DA:927,0
DA:928,0
DA:929,0
DA:932,0
DA:933,0
DA:934,0
DA:935,0
DA:936,0
DA:937,0
DA:938,0
DA:939,0
DA:945,0
DA:946,0
DA:947,0
DA:948,0
DA:949,0
DA:950,0
DA:951,0
DA:952,0
DA:956,0
DA:957,0
DA:962,0
DA:963,0
DA:967,0
DA:968,0
DA:976,0
DA:977,0
DA:978,0
DA:980,0
DA:981,0
DA:983,0
DA:985,0
DA:986,0
DA:990,0
DA:991,0
DA:992,0
DA:994,0
DA:995,0
DA:1004,0
DA:1005,0
DA:1006,0
DA:1009,0
DA:1010,0
DA:1013,0
DA:1016,0
DA:1017,0
DA:1020,0
DA:1021,0
DA:1025,0
DA:1026,0
DA:1030,0
DA:1031,0
DA:1032,0
DA:1034,0
DA:1035,0
DA:1042,0
DA:1048,0
DA:1051,0
DA:1052,0
DA:1055,0
DA:1059,0
DA:1060,0
DA:1064,0
DA:1065,0
DA:1067,0
DA:1068,0
DA:1074,0
DA:1076,0
DA:1077,0
DA:1078,0
DA:1080,0
DA:1081,0
DA:1084,0
DA:1085,0
DA:1086,0
DA:1090,0
DA:1091,0
DA:1092,0
DA:1095,0
DA:1096,0
DA:1100,0
DA:1101,0
DA:1102,0
DA:1103,0
DA:1108,0
LF:495
LH:0
BRDA:58,0,0,0
BRDA:58,0,1,0
BRDA:61,1,0,0
BRDA:67,2,0,0
BRDA:67,2,1,0
BRDA:69,3,0,0
BRDA:74,4,0,0
BRDA:74,4,1,0
BRDA:76,5,0,0
BRDA:81,6,0,0
BRDA:88,7,0,0
BRDA:98,8,0,0
BRDA:101,9,0,0
BRDA:101,9,1,0
BRDA:102,10,0,0
BRDA:102,10,1,0
BRDA:104,11,0,0
BRDA:104,11,1,0
BRDA:106,12,0,0
BRDA:106,12,1,0
BRDA:108,13,0,0
BRDA:108,14,0,0
BRDA:108,14,1,0
BRDA:108,14,2,0
BRDA:109,15,0,0
BRDA:109,15,1,0
BRDA:111,16,0,0
BRDA:144,17,0,0
BRDA:151,18,0,0
BRDA:154,19,0,0
BRDA:154,19,1,0
BRDA:165,20,0,0
BRDA:165,20,1,0
BRDA:178,21,0,0
BRDA:183,22,0,0
BRDA:183,22,1,0
BRDA:183,23,0,0
BRDA:183,23,1,0
BRDA:186,24,0,0
BRDA:195,25,0,0
BRDA:195,25,1,0
BRDA:195,25,2,0
BRDA:197,26,0,0
BRDA:197,26,1,0
BRDA:198,27,0,0
BRDA:198,27,1,0
BRDA:201,28,0,0
BRDA:202,29,0,0
BRDA:202,29,1,0
BRDA:204,30,0,0
BRDA:204,30,1,0
BRDA:206,31,0,0
BRDA:206,31,1,0
BRDA:206,31,2,0
BRDA:209,32,0,0
BRDA:209,32,1,0
BRDA:221,33,0,0
BRDA:221,34,0,0
BRDA:221,34,1,0
BRDA:221,34,2,0
BRDA:223,35,0,0
BRDA:223,35,1,0
BRDA:225,36,0,0
BRDA:225,36,1,0
BRDA:275,37,0,0
BRDA:275,38,0,0
BRDA:275,38,1,0
BRDA:275,38,2,0
BRDA:304,39,0,0
BRDA:330,40,0,0
BRDA:330,41,0,0
BRDA:330,41,1,0
BRDA:330,41,2,0
BRDA:330,41,3,0
BRDA:331,42,0,0
BRDA:331,42,1,0
BRDA:340,43,0,0
BRDA:340,43,1,0
BRDA:341,44,0,0
BRDA:341,44,1,0
BRDA:341,44,2,0
BRDA:341,44,3,0
BRDA:341,44,4,0
BRDA:344,45,0,0
BRDA:344,46,0,0
BRDA:344,46,1,0
BRDA:347,47,0,0
BRDA:351,48,0,0
BRDA:351,49,0,0
BRDA:351,49,1,0
BRDA:352,50,0,0
BRDA:352,50,1,0
BRDA:362,51,0,0
BRDA:362,52,0,0
BRDA:362,52,1,0
BRDA:362,52,2,0
BRDA:362,52,3,0
BRDA:363,53,0,0
BRDA:363,53,1,0
BRDA:395,54,0,0
BRDA:403,55,0,0
BRDA:415,56,0,0
BRDA:415,57,0,0
BRDA:415,57,1,0
BRDA:420,58,0,0
BRDA:420,58,1,0
BRDA:442,59,0,0
BRDA:442,59,1,0
BRDA:451,60,0,0
BRDA:451,60,1,0
BRDA:478,61,0,0
BRDA:478,61,1,0
BRDA:480,62,0,0
BRDA:480,62,1,0
BRDA:486,63,0,0
BRDA:486,63,1,0
BRDA:488,64,0,0
BRDA:488,64,1,0
BRDA:510,65,0,0
BRDA:510,66,0,0
BRDA:510,66,1,0
BRDA:513,67,0,0
BRDA:517,68,0,0
BRDA:517,68,1,0
BRDA:532,69,0,0
BRDA:540,70,0,0
BRDA:565,71,0,0
BRDA:570,72,0,0
BRDA:570,72,1,0
BRDA:595,73,0,0
BRDA:595,74,0,0
BRDA:595,74,1,0
BRDA:596,75,0,0
BRDA:603,76,0,0
BRDA:603,76,1,0
BRDA:609,77,0,0
BRDA:609,77,1,0
BRDA:610,78,0,0
BRDA:610,78,1,0
BRDA:611,79,0,0
BRDA:611,79,1,0
BRDA:612,80,0,0
BRDA:612,80,1,0
BRDA:613,81,0,0
BRDA:613,81,1,0
BRDA:614,82,0,0
BRDA:614,82,1,0
BRDA:616,83,0,0
BRDA:616,84,0,0
BRDA:616,84,1,0
BRDA:621,85,0,0
BRDA:623,86,0,0
BRDA:628,87,0,0
BRDA:631,88,0,0
BRDA:634,89,0,0
BRDA:634,89,1,0
BRDA:634,90,0,0
BRDA:634,90,1,0
BRDA:634,91,0,0
BRDA:634,91,1,0
BRDA:635,92,0,0
BRDA:635,92,1,0
BRDA:635,93,0,0
BRDA:635,93,1,0
BRDA:635,94,0,0
BRDA:635,94,1,0
BRDA:641,95,0,0
BRDA:641,95,1,0
BRDA:641,96,0,0
BRDA:641,96,1,0
BRDA:643,97,0,0
BRDA:643,97,1,0
BRDA:643,98,0,0
BRDA:643,98,1,0
BRDA:646,99,0,0
BRDA:647,100,0,0
BRDA:647,100,1,0
BRDA:647,100,2,0
BRDA:647,100,3,0
BRDA:649,101,0,0
BRDA:655,102,0,0
BRDA:655,103,0,0
BRDA:655,103,1,0
BRDA:658,104,0,0
BRDA:659,105,0,0
BRDA:659,105,1,0
BRDA:659,105,2,0
BRDA:659,105,3,0
BRDA:661,106,0,0
BRDA:672,107,0,0
BRDA:674,108,0,0
BRDA:679,109,0,0
BRDA:682,110,0,0
BRDA:685,111,0,0
BRDA:685,111,1,0
BRDA:685,112,0,0
BRDA:685,112,1,0
BRDA:685,113,0,0
BRDA:685,113,1,0
BRDA:686,114,0,0
BRDA:686,114,1,0
BRDA:686,115,0,0
BRDA:686,115,1,0
BRDA:686,116,0,0
BRDA:686,116,1,0
BRDA:692,117,0,0
BRDA:692,117,1,0
BRDA:692,118,0,0
BRDA:692,118,1,0
BRDA:694,119,0,0
BRDA:694,119,1,0
BRDA:694,120,0,0
BRDA:694,120,1,0
BRDA:697,121,0,0
BRDA:698,122,0,0
BRDA:698,122,1,0
BRDA:698,122,2,0
BRDA:698,122,3,0
BRDA:700,123,0,0
BRDA:706,124,0,0
BRDA:706,125,0,0
BRDA:706,125,1,0
BRDA:709,126,0,0
BRDA:710,127,0,0
BRDA:710,127,1,0
BRDA:710,127,2,0
BRDA:710,127,3,0
BRDA:712,128,0,0
BRDA:723,129,0,0
BRDA:723,129,1,0
BRDA:744,130,0,0
BRDA:749,131,0,0
BRDA:749,132,0,0
BRDA:749,132,1,0
BRDA:754,133,0,0
BRDA:754,134,0,0
BRDA:754,134,1,0
BRDA:759,135,0,0
BRDA:759,136,0,0
BRDA:759,136,1,0
BRDA:764,137,0,0
BRDA:765,138,0,0
BRDA:765,139,0,0
BRDA:765,139,1,0
BRDA:765,139,2,0
BRDA:768,140,0,0
BRDA:768,141,0,0
BRDA:768,141,1,0
BRDA:768,141,2,0
BRDA:771,142,0,0
BRDA:771,143,0,0
BRDA:771,143,1,0
BRDA:771,143,2,0
BRDA:771,143,3,0
BRDA:777,144,0,0
BRDA:783,145,0,0
BRDA:795,146,0,0
BRDA:802,147,0,0
BRDA:805,148,0,0
BRDA:805,149,0,0
BRDA:805,149,1,0
BRDA:811,150,0,0
BRDA:823,151,0,0
BRDA:823,151,1,0
BRDA:823,151,2,0
BRDA:823,151,3,0
BRDA:826,152,0,0
BRDA:826,152,1,0
BRDA:829,153,0,0
BRDA:829,154,0,0
BRDA:829,154,1,0
BRDA:835,155,0,0
BRDA:835,155,1,0
BRDA:835,156,0,0
BRDA:835,156,1,0
BRDA:835,156,2,0
BRDA:843,157,0,0
BRDA:843,157,1,0
BRDA:849,158,0,0
BRDA:849,159,0,0
BRDA:849,159,1,0
BRDA:849,160,0,0
BRDA:849,160,1,0
BRDA:849,161,0,0
BRDA:849,161,1,0
BRDA:849,162,0,0
BRDA:849,162,1,0
BRDA:854,163,0,0
BRDA:854,163,1,0
BRDA:854,164,0,0
BRDA:854,164,1,0
BRDA:854,164,2,0
BRDA:862,165,0,0
BRDA:862,165,1,0
BRDA:868,166,0,0
BRDA:868,167,0,0
BRDA:868,167,1,0
BRDA:868,168,0,0
BRDA:868,168,1,0
BRDA:868,169,0,0
BRDA:868,169,1,0
BRDA:868,170,0,0
BRDA:868,170,1,0
BRDA:873,171,0,0
BRDA:873,171,1,0
BRDA:873,172,0,0
BRDA:873,172,1,0
BRDA:873,172,2,0
BRDA:873,172,3,0
BRDA:880,173,0,0
BRDA:880,173,1,0
BRDA:887,174,0,0
BRDA:887,174,1,0
BRDA:890,175,0,0
BRDA:895,176,0,0
BRDA:895,176,1,0
BRDA:895,177,0,0
BRDA:895,177,1,0
BRDA:895,178,0,0
BRDA:895,178,1,0
BRDA:895,179,0,0
BRDA:895,179,1,0
BRDA:896,180,0,0
BRDA:896,181,0,0
BRDA:896,181,1,0
BRDA:896,182,0,0
BRDA:896,182,1,0
BRDA:896,183,0,0
BRDA:896,183,1,0
BRDA:896,184,0,0
BRDA:896,184,1,0
BRDA:898,185,0,0
BRDA:906,186,0,0
BRDA:911,187,0,0
BRDA:919,188,0,0
BRDA:923,189,0,0
BRDA:923,189,1,0
BRDA:923,190,0,0
BRDA:923,190,1,0
BRDA:923,190,2,0
BRDA:935,191,0,0
BRDA:935,191,1,0
BRDA:935,192,0,0
BRDA:935,192,1,0
BRDA:935,193,0,0
BRDA:935,193,1,0
BRDA:935,194,0,0
BRDA:935,194,1,0
BRDA:936,195,0,0
BRDA:936,196,0,0
BRDA:936,196,1,0
BRDA:936,197,0,0
BRDA:936,197,1,0
BRDA:936,198,0,0
BRDA:936,198,1,0
BRDA:936,199,0,0
BRDA:936,199,1,0
BRDA:938,200,0,0
BRDA:949,201,0,0
BRDA:956,202,0,0
BRDA:967,203,0,0
BRDA:967,204,0,0
BRDA:967,204,1,0
BRDA:983,205,0,0
BRDA:983,206,0,0
BRDA:983,206,1,0
BRDA:1025,207,0,0
BRDA:1025,207,1,0
BRDA:1026,208,0,0
BRDA:1026,208,1,0
BRDA:1030,209,0,0
BRDA:1030,209,1,0
BRDA:1031,210,0,0
BRDA:1034,211,0,0
BRDA:1042,212,0,0
BRDA:1042,212,1,0
BRDA:1048,213,0,0
BRDA:1048,213,1,0
BRDA:1059,214,0,0
BRDA:1064,215,0,0
BRDA:1064,215,1,0
BRDA:1074,216,0,0
BRDA:1074,216,1,0
BRDA:1078,217,0,0
BRDA:1078,217,1,0
BRDA:1095,218,0,0
BRDA:1096,219,0,0
BRF:387
BRH:0
end_of_record
TN:
SF:src/components/card-view.tsx
FN:26,CardView
FNF:1
FNH:0
FNDA:0,CardView
DA:2,0
DA:3,0
DA:26,0
DA:45,0
DA:57,0
DA:59,0
LF:6
LH:0
BRF:0
BRH:0
end_of_record
TN:
SF:src/components/index.ts
FN:1,(anonymous_0)
FN:2,(anonymous_1)
FN:3,(anonymous_2)
FN:4,(anonymous_3)
FN:5,(anonymous_4)
FNF:5
FNH:0
FNDA:0,(anonymous_0)
FNDA:0,(anonymous_1)
FNDA:0,(anonymous_2)
FNDA:0,(anonymous_3)
FNDA:0,(anonymous_4)
DA:1,0
DA:2,0
DA:3,0
DA:4,0
DA:5,0
LF:5
LH:0
BRF:0
BRH:0
end_of_record
TN:
SF:src/components/list-view.tsx
FN:29,ListView
FN:44,(anonymous_1)
FN:44,(anonymous_2)
FN:55,(anonymous_3)
FN:65,(anonymous_4)
FN:81,(anonymous_5)
FN:95,(anonymous_6)
FN:100,(anonymous_7)
FN:117,(anonymous_8)
FN:122,(anonymous_9)
FN:139,(anonymous_10)
FN:144,(anonymous_11)
FN:161,(anonymous_12)
FN:166,(anonymous_13)
FNF:14
FNH:0
FNDA:0,ListView
FNDA:0,(anonymous_1)
FNDA:0,(anonymous_2)
FNDA:0,(anonymous_3)
FNDA:0,(anonymous_4)
FNDA:0,(anonymous_5)
FNDA:0,(anonymous_6)
FNDA:0,(anonymous_7)
FNDA:0,(anonymous_8)
FNDA:0,(anonymous_9)
FNDA:0,(anonymous_10)
FNDA:0,(anonymous_11)
FNDA:0,(anonymous_12)
FNDA:0,(anonymous_13)
DA:2,0
DA:5,0
DA:29,0
DA:38,0
DA:44,0
DA:46,0
DA:47,0
DA:48,0
DA:50,0
DA:56,0
DA:57,0
DA:58,0
DA:59,0
DA:61,0
DA:66,0
DA:67,0
DA:83,0
DA:86,0
DA:88,0
DA:91,0
DA:96,0
DA:101,0
DA:102,0
DA:103,0
DA:104,0
DA:118,0
DA:123,0
DA:124,0
DA:125,0
DA:126,0
DA:140,0
DA:145,0
DA:146,0
DA:147,0
DA:148,0
DA:162,0
DA:167,0
DA:168,0
DA:169,0
DA:170,0
LF:40
LH:0
BRDA:42,0,0,0
BRDA:42,0,1,0
BRDA:47,1,0,0
BRDA:48,2,0,0
BRDA:48,2,1,0
BRDA:56,3,0,0
BRDA:56,4,0,0
BRDA:56,4,1,0
BRDA:56,4,2,0
BRDA:56,4,3,0
BRDA:58,5,0,0
BRDA:58,5,1,0
BRDA:66,6,0,0
BRDA:86,7,0,0
BRDA:86,7,1,0
BRDA:86,7,2,0
BRDA:86,7,3,0
BRDA:88,8,0,0
BRDA:93,9,0,0
BRDA:93,9,1,0
BRDA:93,10,0,0
BRDA:93,10,1,0
BRDA:93,10,2,0
BRDA:103,11,0,0
BRDA:103,12,0,0
BRDA:103,12,1,0
BRDA:103,13,0,0
BRDA:103,13,1,0
BRDA:103,14,0,0
BRDA:103,14,1,0
BRDA:103,15,0,0
BRDA:103,15,1,0
BRDA:112,16,0,0
BRDA:112,16,1,0
BRDA:115,17,0,0
BRDA:115,17,1,0
BRDA:115,18,0,0
BRDA:115,18,1,0
BRDA:115,18,2,0
BRDA:125,19,0,0
BRDA:125,20,0,0
BRDA:125,20,1,0
BRDA:125,21,0,0
BRDA:125,21,1,0
BRDA:125,22,0,0
BRDA:125,22,1,0
BRDA:125,23,0,0
BRDA:125,23,1,0
BRDA:134,24,0,0
BRDA:134,24,1,0
BRDA:137,25,0,0
BRDA:137,25,1,0
BRDA:137,26,0,0
BRDA:137,26,1,0
BRDA:137,26,2,0
BRDA:147,27,0,0
BRDA:147,28,0,0
BRDA:147,28,1,0
BRDA:147,29,0,0
BRDA:147,29,1,0
BRDA:147,30,0,0
BRDA:147,30,1,0
BRDA:147,31,0,0
BRDA:147,31,1,0
BRDA:156,32,0,0
BRDA:156,32,1,0
BRDA:159,33,0,0
BRDA:159,33,1,0
BRDA:159,34,0,0
BRDA:159,34,1,0
BRDA:159,34,2,0
BRDA:169,35,0,0
BRDA:169,36,0,0
BRDA:169,36,1,0
BRDA:169,37,0,0
BRDA:169,37,1,0
BRDA:169,38,0,0
BRDA:169,38,1,0
BRDA:169,39,0,0
BRDA:169,39,1,0
BRDA:178,40,0,0
BRDA:178,40,1,0
BRF:82
BRH:0
end_of_record
TN:
SF:src/components/masonry-view.tsx
FN:29,MasonryView
FNF:1
FNH:0
FNDA:0,MasonryView
DA:1,0
DA:29,0
DA:30,0
LF:3
LH:0
BRF:0
BRH:0
end_of_record
TN:
SF:src/components/settings.tsx
FN:14,Settings
FN:40,(anonymous_1)
FN:57,(anonymous_2)
FN:58,(anonymous_3)
FN:80,(anonymous_4)
FN:97,(anonymous_5)
FN:98,(anonymous_6)
FN:120,(anonymous_7)
FN:137,(anonymous_8)
FN:138,(anonymous_9)
FN:158,(anonymous_10)
FN:162,(anonymous_11)
FN:187,(anonymous_12)
FN:191,(anonymous_13)
FN:214,(anonymous_14)
FN:231,(anonymous_15)
FN:251,(anonymous_16)
FN:275,(anonymous_17)
FN:293,(anonymous_18)
FN:300,(anonymous_19)
FN:314,(anonymous_20)
FN:321,(anonymous_21)
FN:335,(anonymous_22)
FN:336,(anonymous_23)
FN:357,(anonymous_24)
FN:364,(anonymous_25)
FN:378,(anonymous_26)
FN:385,(anonymous_27)
FN:399,(anonymous_28)
FN:400,(anonymous_29)
FN:421,(anonymous_30)
FN:441,(anonymous_31)
FN:463,(anonymous_32)
FN:475,(anonymous_33)
FNF:34
FNH:0
FNDA:0,Settings
FNDA:0,(anonymous_1)
FNDA:0,(anonymous_2)
FNDA:0,(anonymous_3)
FNDA:0,(anonymous_4)
FNDA:0,(anonymous_5)
FNDA:0,(anonymous_6)
FNDA:0,(anonymous_7)
FNDA:0,(anonymous_8)
FNDA:0,(anonymous_9)
FNDA:0,(anonymous_10)
FNDA:0,(anonymous_11)
FNDA:0,(anonymous_12)
FNDA:0,(anonymous_13)
FNDA:0,(anonymous_14)
FNDA:0,(anonymous_15)
FNDA:0,(anonymous_16)
FNDA:0,(anonymous_17)
FNDA:0,(anonymous_18)
FNDA:0,(anonymous_19)
FNDA:0,(anonymous_20)
FNDA:0,(anonymous_21)
FNDA:0,(anonymous_22)
FNDA:0,(anonymous_23)
FNDA:0,(anonymous_24)
FNDA:0,(anonymous_25)
FNDA:0,(anonymous_26)
FNDA:0,(anonymous_27)
FNDA:0,(anonymous_28)
FNDA:0,(anonymous_29)
FNDA:0,(anonymous_30)
FNDA:0,(anonymous_31)
FNDA:0,(anonymous_32)
FNDA:0,(anonymous_33)
DA:4,0
DA:14,0
DA:22,0
DA:24,0
DA:41,0
DA:42,0
DA:57,0
DA:59,0
DA:60,0
DA:61,0
DA:62,0
DA:81,0
DA:82,0
DA:97,0
DA:99,0
DA:100,0
DA:101,0
DA:102,0
DA:121,0
DA:122,0
DA:137,0
DA:139,0
DA:140,0
DA:141,0
DA:142,0
DA:159,0
DA:160,0
DA:163,0
DA:164,0
DA:165,0
DA:166,0
DA:168,0
DA:169,0
DA:188,0
DA:189,0
DA:192,0
DA:193,0
DA:194,0
DA:215,0
DA:216,0
DA:232,0
DA:233,0
DA:252,0
DA:253,0
DA:276,0
DA:277,0
DA:294,0
DA:295,0
DA:301,0
DA:315,0
DA:316,0
DA:322,0
DA:335,0
DA:337,0
DA:338,0
DA:339,0
DA:340,0
DA:358,0
DA:359,0
DA:365,0
DA:379,0
DA:380,0
DA:386,0
DA:399,0
DA:401,0
DA:402,0
DA:403,0
DA:404,0
DA:422,0
DA:423,0
DA:442,0
DA:443,0
DA:463,0
DA:476,0
DA:477,0
DA:478,0
DA:479,0
LF:77
LH:0
BRDA:56,0,0,0
BRDA:56,0,1,0
BRDA:60,1,0,0
BRDA:60,2,0,0
BRDA:60,2,1,0
BRDA:96,3,0,0
BRDA:96,3,1,0
BRDA:100,4,0,0
BRDA:100,5,0,0
BRDA:100,5,1,0
BRDA:136,6,0,0
BRDA:136,6,1,0
BRDA:140,7,0,0
BRDA:140,8,0,0
BRDA:140,8,1,0
BRDA:160,9,0,0
BRDA:160,9,1,0
BRDA:165,10,0,0
BRDA:165,10,1,0
BRDA:168,11,0,0
BRDA:168,11,1,0
BRDA:168,12,0,0
BRDA:168,12,1,0
BRDA:189,13,0,0
BRDA:189,13,1,0
BRDA:334,14,0,0
BRDA:334,14,1,0
BRDA:338,15,0,0
BRDA:338,16,0,0
BRDA:338,16,1,0
BRDA:398,17,0,0
BRDA:398,17,1,0
BRDA:402,18,0,0
BRDA:402,19,0,0
BRDA:402,19,1,0
BRDA:478,20,0,0
BRDA:478,21,0,0
BRDA:478,21,1,0
BRF:38
BRH:0
end_of_record
TN:
SF:src/components/toolbar.tsx
FN:75,Toolbar
FN:139,(anonymous_1)
FN:146,(anonymous_2)
FN:153,(anonymous_3)
FN:160,(anonymous_4)
FN:167,(anonymous_5)
FN:179,(anonymous_6)
FN:180,(anonymous_7)
FN:199,(anonymous_8)
FN:245,(anonymous_9)
FN:253,(anonymous_10)
FN:261,(anonymous_11)
FN:328,(anonymous_12)
FN:334,(anonymous_13)
FN:340,(anonymous_14)
FN:346,(anonymous_15)
FN:352,(anonymous_16)
FN:358,(anonymous_17)
FN:389,(anonymous_18)
FN:398,(anonymous_19)
FN:423,(anonymous_20)
FN:434,(anonymous_21)
FN:438,(anonymous_22)
FN:462,(anonymous_23)
FN:469,(anonymous_24)
FN:484,(anonymous_25)
FN:495,(anonymous_26)
FN:504,(anonymous_27)
FN:540,(anonymous_28)
FN:567,(anonymous_29)
FN:594,(anonymous_30)
FN:602,(anonymous_31)
FN:739,(anonymous_32)
FN:748,(anonymous_33)
FN:771,(anonymous_34)
FN:782,(anonymous_35)
FN:786,(anonymous_36)
FN:810,(anonymous_37)
FN:817,(anonymous_38)
FN:832,(anonymous_39)
FN:843,(anonymous_40)
FN:852,(anonymous_41)
FN:887,(anonymous_42)
FNF:43
FNH:0
FNDA:0,Toolbar
FNDA:0,(anonymous_1)
FNDA:0,(anonymous_2)
FNDA:0,(anonymous_3)
FNDA:0,(anonymous_4)
FNDA:0,(anonymous_5)
FNDA:0,(anonymous_6)
FNDA:0,(anonymous_7)
FNDA:0,(anonymous_8)
FNDA:0,(anonymous_9)
FNDA:0,(anonymous_10)
FNDA:0,(anonymous_11)
FNDA:0,(anonymous_12)
FNDA:0,(anonymous_13)
FNDA:0,(anonymous_14)
FNDA:0,(anonymous_15)
FNDA:0,(anonymous_16)
FNDA:0,(anonymous_17)
FNDA:0,(anonymous_18)
FNDA:0,(anonymous_19)
FNDA:0,(anonymous_20)
FNDA:0,(anonymous_21)
FNDA:0,(anonymous_22)
FNDA:0,(anonymous_23)
FNDA:0,(anonymous_24)
FNDA:0,(anonymous_25)
FNDA:0,(anonymous_26)
FNDA:0,(anonymous_27)
FNDA:0,(anonymous_28)
FNDA:0,(anonymous_29)
FNDA:0,(anonymous_30)
FNDA:0,(anonymous_31)
FNDA:0,(anonymous_32)
FNDA:0,(anonymous_33)
FNDA:0,(anonymous_34)
FNDA:0,(anonymous_35)
FNDA:0,(anonymous_36)
FNDA:0,(anonymous_37)
FNDA:0,(anonymous_38)
FNDA:0,(anonymous_39)
FNDA:0,(anonymous_40)
FNDA:0,(anonymous_41)
FNDA:0,(anonymous_42)
DA:2,0
DA:5,0
DA:75,0
DA:126,0
DA:127,0
DA:128,0
DA:129,0
DA:130,0
DA:131,0
DA:132,0
DA:133,0
DA:134,0
DA:135,0
DA:136,0
DA:139,0
DA:140,0
DA:141,0
DA:142,0
DA:146,0
DA:147,0
DA:148,0
DA:149,0
DA:153,0
DA:154,0
DA:155,0
DA:156,0
DA:160,0
DA:161,0
DA:162,0
DA:163,0
DA:167,0
DA:168,0
DA:169,0
DA:171,0
DA:172,0
DA:173,0
DA:179,0
DA:180,0
DA:181,0
DA:182,0
DA:184,0
DA:185,0
DA:187,0
DA:188,0
DA:190,0
DA:191,0
DA:193,0
DA:194,0
DA:198,0
DA:199,0
DA:202,0
DA:245,0
DA:253,0
DA:261,0
DA:328,0
DA:334,0
DA:340,0
DA:346,0
DA:352,0
DA:358,0
DA:389,0
DA:399,0
DA:400,0
DA:401,0
DA:402,0
DA:424,0
DA:425,0
DA:426,0
DA:427,0
DA:435,0
DA:436,0
DA:439,0
DA:440,0
DA:441,0
DA:443,0
DA:462,0
DA:470,0
DA:472,0
DA:473,0
DA:476,0
DA:477,0
DA:480,0
DA:481,0
DA:485,0
DA:486,0
DA:488,0
DA:489,0
DA:496,0
DA:497,0
DA:498,0
DA:499,0
DA:501,0
DA:505,0
DA:506,0
DA:507,0
DA:508,0
DA:509,0
DA:510,0
DA:512,0
DA:540,0
DA:567,0
DA:595,0
DA:596,0
DA:597,0
DA:598,0
DA:603,0
DA:604,0
DA:605,0
DA:739,0
DA:749,0
DA:750,0
DA:751,0
DA:752,0
DA:772,0
DA:773,0
DA:774,0
DA:775,0
DA:783,0
DA:784,0
DA:787,0
DA:788,0
DA:789,0
DA:791,0
DA:810,0
DA:818,0
DA:820,0
DA:821,0
DA:824,0
DA:825,0
DA:828,0
DA:829,0
DA:833,0
DA:834,0
DA:836,0
DA:837,0
DA:844,0
DA:845,0
DA:846,0
DA:847,0
DA:849,0
DA:853,0
DA:854,0
DA:855,0
DA:856,0
DA:857,0
DA:858,0
DA:860,0
DA:887,0
LF:148
LH:0
BRDA:140,0,0,0
BRDA:140,1,0,0
BRDA:140,1,1,0
BRDA:140,1,2,0
BRDA:147,2,0,0
BRDA:147,3,0,0
BRDA:147,3,1,0
BRDA:147,3,2,0
BRDA:154,4,0,0
BRDA:154,5,0,0
BRDA:154,5,1,0
BRDA:154,5,2,0
BRDA:161,6,0,0
BRDA:161,7,0,0
BRDA:161,7,1,0
BRDA:161,7,2,0
BRDA:168,8,0,0
BRDA:168,9,0,0
BRDA:168,9,1,0
BRDA:168,9,2,0
BRDA:172,10,0,0
BRDA:181,11,0,0
BRDA:181,12,0,0
BRDA:181,12,1,0
BRDA:181,12,2,0
BRDA:184,13,0,0
BRDA:184,14,0,0
BRDA:184,14,1,0
BRDA:184,14,2,0
BRDA:187,15,0,0
BRDA:187,16,0,0
BRDA:187,16,1,0
BRDA:187,16,2,0
BRDA:190,17,0,0
BRDA:190,18,0,0
BRDA:190,18,1,0
BRDA:190,18,2,0
BRDA:193,19,0,0
BRDA:193,20,0,0
BRDA:193,20,1,0
BRDA:193,20,2,0
BRDA:216,21,0,0
BRDA:216,21,1,0
BRDA:225,22,0,0
BRDA:225,22,1,0
BRDA:243,23,0,0
BRDA:243,23,1,0
BRDA:245,24,0,0
BRDA:245,25,0,0
BRDA:245,25,1,0
BRDA:253,26,0,0
BRDA:253,27,0,0
BRDA:253,27,1,0
BRDA:261,28,0,0
BRDA:261,29,0,0
BRDA:261,29,1,0
BRDA:285,30,0,0
BRDA:285,30,1,0
BRDA:295,31,0,0
BRDA:295,31,1,0
BRDA:299,32,0,0
BRDA:299,32,1,0
BRDA:303,33,0,0
BRDA:303,33,1,0
BRDA:307,34,0,0
BRDA:307,34,1,0
BRDA:311,35,0,0
BRDA:311,35,1,0
BRDA:315,36,0,0
BRDA:315,36,1,0
BRDA:326,37,0,0
BRDA:326,37,1,0
BRDA:328,38,0,0
BRDA:328,39,0,0
BRDA:328,39,1,0
BRDA:334,40,0,0
BRDA:334,41,0,0
BRDA:334,41,1,0
BRDA:340,42,0,0
BRDA:340,43,0,0
BRDA:340,43,1,0
BRDA:346,44,0,0
BRDA:346,45,0,0
BRDA:346,45,1,0
BRDA:352,46,0,0
BRDA:352,47,0,0
BRDA:352,47,1,0
BRDA:358,48,0,0
BRDA:358,49,0,0
BRDA:358,49,1,0
BRDA:393,50,0,0
BRDA:393,50,1,0
BRDA:400,51,0,0
BRDA:400,52,0,0
BRDA:400,52,1,0
BRDA:421,53,0,0
BRDA:421,53,1,0
BRDA:425,54,0,0
BRDA:425,55,0,0
BRDA:425,55,1,0
BRDA:436,56,0,0
BRDA:436,56,1,0
BRDA:436,57,0,0
BRDA:436,57,1,0
BRDA:440,58,0,0
BRDA:440,59,0,0
BRDA:440,59,1,0
BRDA:441,60,0,0
BRDA:441,60,1,0
BRDA:443,61,0,0
BRDA:443,61,1,0
BRDA:460,62,0,0
BRDA:460,62,1,0
BRDA:472,63,0,0
BRDA:476,64,0,0
BRDA:476,65,0,0
BRDA:476,65,1,0
BRDA:476,65,2,0
BRDA:480,66,0,0
BRDA:480,67,0,0
BRDA:480,67,1,0
BRDA:480,67,2,0
BRDA:480,67,3,0
BRDA:488,68,0,0
BRDA:488,69,0,0
BRDA:488,69,1,0
BRDA:494,70,0,0
BRDA:494,70,1,0
BRDA:494,71,0,0
BRDA:494,71,1,0
BRDA:498,72,0,0
BRDA:498,72,1,0
BRDA:498,73,0,0
BRDA:498,73,1,0
BRDA:506,74,0,0
BRDA:506,75,0,0
BRDA:506,75,1,0
BRDA:509,76,0,0
BRDA:509,76,1,0
BRDA:509,77,0,0
BRDA:509,77,1,0
BRDA:526,78,0,0
BRDA:526,78,1,0
BRDA:526,79,0,0
BRDA:526,79,1,0
BRDA:583,80,0,0
BRDA:583,80,1,0
BRDA:590,81,0,0
BRDA:590,81,1,0
BRDA:603,82,0,0
BRDA:633,83,0,0
BRDA:633,83,1,0
BRDA:637,84,0,0
BRDA:637,84,1,0
BRDA:641,85,0,0
BRDA:641,85,1,0
BRDA:682,86,0,0
BRDA:682,86,1,0
BRDA:697,87,0,0
BRDA:697,87,1,0
BRDA:700,88,0,0
BRDA:700,88,1,0
BRDA:743,89,0,0
BRDA:743,89,1,0
BRDA:750,90,0,0
BRDA:750,91,0,0
BRDA:750,91,1,0
BRDA:769,92,0,0
BRDA:769,92,1,0
BRDA:773,93,0,0
BRDA:773,94,0,0
BRDA:773,94,1,0
BRDA:784,95,0,0
BRDA:784,95,1,0
BRDA:784,96,0,0
BRDA:784,96,1,0
BRDA:788,97,0,0
BRDA:788,98,0,0
BRDA:788,98,1,0
BRDA:789,99,0,0
BRDA:789,99,1,0
BRDA:791,100,0,0
BRDA:791,100,1,0
BRDA:808,101,0,0
BRDA:808,101,1,0
BRDA:820,102,0,0
BRDA:824,103,0,0
BRDA:824,104,0,0
BRDA:824,104,1,0
BRDA:824,104,2,0
BRDA:828,105,0,0
BRDA:828,106,0,0
BRDA:828,106,1,0
BRDA:828,106,2,0
BRDA:828,106,3,0
BRDA:836,107,0,0
BRDA:836,108,0,0
BRDA:836,108,1,0
BRDA:842,109,0,0
BRDA:842,109,1,0
BRDA:842,110,0,0
BRDA:842,110,1,0
BRDA:846,111,0,0
BRDA:846,111,1,0
BRDA:846,112,0,0
BRDA:846,112,1,0
BRDA:854,113,0,0
BRDA:854,114,0,0
BRDA:854,114,1,0
BRDA:857,115,0,0
BRDA:857,115,1,0
BRDA:857,116,0,0
BRDA:857,116,1,0
BRDA:874,117,0,0
BRDA:874,117,1,0
BRDA:874,118,0,0
BRDA:874,118,1,0
BRF:217
BRH:0
end_of_record
TN:
SF:src/components/view.tsx
FN:35,View
FN:38,(anonymous_1)
FN:50,(anonymous_2)
FN:78,(anonymous_3)
FN:89,(anonymous_4)
FN:90,(anonymous_5)
FN:112,(anonymous_6)
FN:142,(anonymous_7)
FN:171,(anonymous_8)
FN:212,(anonymous_9)
FN:218,(anonymous_10)
FN:224,(anonymous_11)
FN:230,(anonymous_12)
FN:236,(anonymous_13)
FN:243,(anonymous_14)
FN:247,(anonymous_15)
FN:278,(anonymous_16)
FN:287,(anonymous_17)
FN:306,(anonymous_18)
FN:314,(anonymous_19)
FN:327,(anonymous_20)
FN:343,(anonymous_21)
FN:351,(anonymous_22)
FN:367,(anonymous_23)
FN:371,(anonymous_24)
FN:372,(anonymous_25)
FN:372,(anonymous_26)
FN:375,(anonymous_27)
FN:376,(anonymous_28)
FN:377,(anonymous_29)
FN:378,(anonymous_30)
FN:383,(anonymous_31)
FN:388,(anonymous_32)
FN:395,(anonymous_33)
FN:397,(anonymous_34)
FN:399,(anonymous_35)
FN:400,(anonymous_36)
FN:401,(anonymous_37)
FN:404,(anonymous_38)
FN:405,(anonymous_39)
FN:406,(anonymous_40)
FN:416,(anonymous_41)
FN:424,(anonymous_42)
FN:427,(anonymous_43)
FN:430,(anonymous_44)
FN:433,(anonymous_45)
FN:436,(anonymous_46)
FN:439,(anonymous_47)
FN:442,(anonymous_48)
FN:461,(anonymous_49)
FN:470,(anonymous_50)
FN:470,(anonymous_51)
FN:478,(anonymous_52)
FN:509,(anonymous_53)
FN:523,(anonymous_54)
FN:539,(anonymous_55)
FN:559,(anonymous_56)
FN:565,(anonymous_57)
FN:579,(anonymous_58)
FN:615,(anonymous_59)
FN:627,(anonymous_60)
FN:633,(anonymous_61)
FN:641,(anonymous_62)
FN:647,(anonymous_63)
FN:666,(anonymous_64)
FN:672,(anonymous_65)
FN:677,(anonymous_66)
FN:682,(anonymous_67)
FN:690,(anonymous_68)
FN:698,(anonymous_69)
FN:702,(anonymous_70)
FN:737,(anonymous_71)
FN:808,(anonymous_72)
FN:816,(anonymous_73)
FN:823,(anonymous_74)
FN:832,(anonymous_75)
FN:844,(anonymous_76)
FN:854,(anonymous_77)
FN:865,(anonymous_78)
FN:868,(anonymous_79)
FN:881,(anonymous_80)
FN:885,(anonymous_81)
FN:893,(anonymous_82)
FN:909,(anonymous_83)
FN:910,(anonymous_84)
FN:920,(anonymous_85)
FN:931,(anonymous_86)
FN:942,(anonymous_87)
FN:953,(anonymous_88)
FN:959,(anonymous_89)
FN:965,(anonymous_90)
FN:970,(anonymous_91)
FN:976,(anonymous_92)
FN:980,(anonymous_93)
FN:996,(anonymous_94)
FN:1008,(anonymous_95)
FN:1019,(anonymous_96)
FN:1030,(anonymous_97)
FN:1041,(anonymous_98)
FN:1045,(anonymous_99)
FN:1045,(anonymous_100)
FN:1057,(anonymous_101)
FN:1068,(anonymous_102)
FN:1069,(anonymous_103)
FN:1069,(anonymous_104)
FN:1086,(anonymous_105)
FN:1087,(anonymous_106)
FN:1087,(anonymous_107)
FN:1103,(anonymous_108)
FN:1107,(anonymous_109)
FN:1112,(anonymous_110)
FN:1113,(anonymous_111)
FN:1113,(anonymous_112)
FN:1122,(anonymous_113)
FN:1133,(anonymous_114)
FN:1140,(anonymous_115)
FN:1149,(anonymous_116)
FN:1150,(anonymous_117)
FN:1155,(anonymous_118)
FN:1159,(anonymous_119)
FN:1182,(anonymous_120)
FN:1235,(anonymous_121)
FN:1236,(anonymous_122)
FN:1237,(anonymous_123)
FN:1242,(anonymous_124)
FN:1243,(anonymous_125)
FN:1244,(anonymous_126)
FN:1245,(anonymous_127)
FN:1246,(anonymous_128)
FN:1247,(anonymous_129)
FNF:130
FNH:0
FNDA:0,View
FNDA:0,(anonymous_1)
FNDA:0,(anonymous_2)
FNDA:0,(anonymous_3)
FNDA:0,(anonymous_4)
FNDA:0,(anonymous_5)
FNDA:0,(anonymous_6)
FNDA:0,(anonymous_7)
FNDA:0,(anonymous_8)
FNDA:0,(anonymous_9)
FNDA:0,(anonymous_10)
FNDA:0,(anonymous_11)
FNDA:0,(anonymous_12)
FNDA:0,(anonymous_13)
FNDA:0,(anonymous_14)
FNDA:0,(anonymous_15)
FNDA:0,(anonymous_16)
FNDA:0,(anonymous_17)
FNDA:0,(anonymous_18)
FNDA:0,(anonymous_19)
FNDA:0,(anonymous_20)
FNDA:0,(anonymous_21)
FNDA:0,(anonymous_22)
FNDA:0,(anonymous_23)
FNDA:0,(anonymous_24)
FNDA:0,(anonymous_25)
FNDA:0,(anonymous_26)
FNDA:0,(anonymous_27)
FNDA:0,(anonymous_28)
FNDA:0,(anonymous_29)
FNDA:0,(anonymous_30)
FNDA:0,(anonymous_31)
FNDA:0,(anonymous_32)
FNDA:0,(anonymous_33)
FNDA:0,(anonymous_34)
FNDA:0,(anonymous_35)
FNDA:0,(anonymous_36)
FNDA:0,(anonymous_37)
FNDA:0,(anonymous_38)
FNDA:0,(anonymous_39)
FNDA:0,(anonymous_40)
FNDA:0,(anonymous_41)
FNDA:0,(anonymous_42)
FNDA:0,(anonymous_43)
FNDA:0,(anonymous_44)
FNDA:0,(anonymous_45)
FNDA:0,(anonymous_46)
FNDA:0,(anonymous_47)
FNDA:0,(anonymous_48)
FNDA:0,(anonymous_49)
FNDA:0,(anonymous_50)
FNDA:0,(anonymous_51)
FNDA:0,(anonymous_52)
FNDA:0,(anonymous_53)
FNDA:0,(anonymous_54)
FNDA:0,(anonymous_55)
FNDA:0,(anonymous_56)
FNDA:0,(anonymous_57)
FNDA:0,(anonymous_58)
FNDA:0,(anonymous_59)
FNDA:0,(anonymous_60)
FNDA:0,(anonymous_61)
FNDA:0,(anonymous_62)
FNDA:0,(anonymous_63)
FNDA:0,(anonymous_64)
FNDA:0,(anonymous_65)
FNDA:0,(anonymous_66)
FNDA:0,(anonymous_67)
FNDA:0,(anonymous_68)
FNDA:0,(anonymous_69)
FNDA:0,(anonymous_70)
FNDA:0,(anonymous_71)
FNDA:0,(anonymous_72)
FNDA:0,(anonymous_73)
FNDA:0,(anonymous_74)
FNDA:0,(anonymous_75)
FNDA:0,(anonymous_76)
FNDA:0,(anonymous_77)
FNDA:0,(anonymous_78)
FNDA:0,(anonymous_79)
FNDA:0,(anonymous_80)
FNDA:0,(anonymous_81)
FNDA:0,(anonymous_82)
FNDA:0,(anonymous_83)
FNDA:0,(anonymous_84)
FNDA:0,(anonymous_85)
FNDA:0,(anonymous_86)
FNDA:0,(anonymous_87)
FNDA:0,(anonymous_88)
FNDA:0,(anonymous_89)
FNDA:0,(anonymous_90)
FNDA:0,(anonymous_91)
FNDA:0,(anonymous_92)
FNDA:0,(anonymous_93)
FNDA:0,(anonymous_94)
FNDA:0,(anonymous_95)
FNDA:0,(anonymous_96)
FNDA:0,(anonymous_97)
FNDA:0,(anonymous_98)
FNDA:0,(anonymous_99)
FNDA:0,(anonymous_100)
FNDA:0,(anonymous_101)
FNDA:0,(anonymous_102)
FNDA:0,(anonymous_103)
FNDA:0,(anonymous_104)
FNDA:0,(anonymous_105)
FNDA:0,(anonymous_106)
FNDA:0,(anonymous_107)
FNDA:0,(anonymous_108)
FNDA:0,(anonymous_109)
FNDA:0,(anonymous_110)
FNDA:0,(anonymous_111)
FNDA:0,(anonymous_112)
FNDA:0,(anonymous_113)
FNDA:0,(anonymous_114)
FNDA:0,(anonymous_115)
FNDA:0,(anonymous_116)
FNDA:0,(anonymous_117)
FNDA:0,(anonymous_118)
FNDA:0,(anonymous_119)
FNDA:0,(anonymous_120)
FNDA:0,(anonymous_121)
FNDA:0,(anonymous_122)
FNDA:0,(anonymous_123)
FNDA:0,(anonymous_124)
FNDA:0,(anonymous_125)
FNDA:0,(anonymous_126)
FNDA:0,(anonymous_127)
FNDA:0,(anonymous_128)
FNDA:0,(anonymous_129)
DA:1,0
DA:3,0
DA:5,0
DA:6,0
DA:7,0
DA:8,0
DA:9,0
DA:10,0
DA:11,0
DA:12,0
DA:13,0
DA:14,0
DA:35,0
DA:38,0
DA:39,0
DA:40,0
DA:43,0
DA:44,0
DA:47,0
DA:50,0
DA:78,0
DA:79,0
DA:82,0
DA:84,0
DA:86,0
DA:89,0
DA:90,0
DA:92,0
DA:93,0
DA:97,0
DA:98,0
DA:99,0
DA:100,0
DA:104,0
DA:108,0
DA:112,0
DA:113,0
DA:115,0
DA:116,0
DA:117,0
DA:120,0
DA:123,0
DA:124,0
DA:125,0
DA:126,0
DA:127,0
DA:128,0
DA:129,0
DA:130,0
DA:131,0
DA:132,0
DA:133,0
DA:134,0
DA:135,0
DA:136,0
DA:138,0
DA:142,0
DA:146,0
DA:147,0
DA:148,0
DA:152,0
DA:155,0
DA:158,0
DA:161,0
DA:164,0
DA:169,0
DA:171,0
DA:175,0
DA:176,0
DA:177,0
DA:178,0
DA:179,0
DA:180,0
DA:181,0
DA:182,0
DA:183,0
DA:184,0
DA:185,0
DA:186,0
DA:187,0
DA:188,0
DA:189,0
DA:190,0
DA:193,0
DA:196,0
DA:197,0
DA:198,0
DA:199,0
DA:200,0
DA:201,0
DA:202,0
DA:203,0
DA:204,0
DA:205,0
DA:206,0
DA:208,0
DA:209,0
DA:212,0
DA:213,0
DA:214,0
DA:218,0
DA:219,0
DA:220,0
DA:224,0
DA:225,0
DA:226,0
DA:230,0
DA:231,0
DA:232,0
DA:236,0
DA:237,0
DA:238,0
DA:243,0
DA:244,0
DA:245,0
DA:247,0
DA:248,0
DA:250,0
DA:272,0
DA:278,0
DA:279,0
DA:280,0
DA:282,0
DA:283,0
DA:284,0
DA:287,0
DA:288,0
DA:289,0
DA:290,0
DA:292,0
DA:293,0
DA:294,0
DA:302,0
DA:303,0
DA:304,0
DA:306,0
DA:307,0
DA:308,0
DA:314,0
DA:315,0
DA:316,0
DA:317,0
DA:318,0
DA:320,0
DA:321,0
DA:325,0
DA:327,0
DA:329,0
DA:338,0
DA:339,0
DA:343,0
DA:344,0
DA:348,0
DA:349,0
DA:351,0
DA:352,0
DA:357,0
DA:358,0
DA:359,0
DA:361,0
DA:362,0
DA:363,0
DA:367,0
DA:368,0
DA:370,0
DA:371,0
DA:372,0
DA:374,0
DA:375,0
DA:376,0
DA:377,0
DA:378,0
DA:383,0
DA:384,0
DA:387,0
DA:388,0
DA:392,0
DA:393,0
DA:395,0
DA:396,0
DA:397,0
DA:399,0
DA:400,0
DA:401,0
DA:404,0
DA:405,0
DA:406,0
DA:409,0
DA:415,0
DA:416,0
DA:417,0
DA:418,0
DA:419,0
DA:422,0
DA:424,0
DA:425,0
DA:427,0
DA:428,0
DA:430,0
DA:431,0
DA:433,0
DA:434,0
DA:436,0
DA:437,0
DA:439,0
DA:440,0
DA:442,0
DA:446,0
DA:447,0
DA:448,0
DA:449,0
DA:452,0
DA:456,0
DA:457,0
DA:458,0
DA:461,0
DA:463,0
DA:464,0
DA:465,0
DA:466,0
DA:467,0
DA:470,0
DA:471,0
DA:472,0
DA:473,0
DA:476,0
DA:477,0
DA:479,0
DA:480,0
DA:481,0
DA:482,0
DA:483,0
DA:486,0
DA:487,0
DA:492,0
DA:493,0
DA:494,0
DA:496,0
DA:504,0
DA:505,0
DA:506,0
DA:509,0
DA:511,0
DA:521,0
DA:522,0
DA:524,0
DA:525,0
DA:526,0
DA:528,0
DA:529,0
DA:535,0
DA:536,0
DA:539,0
DA:541,0
DA:550,0
DA:551,0
DA:552,0
DA:555,0
DA:559,0
DA:561,0
DA:562,0
DA:563,0
DA:564,0
DA:565,0
DA:566,0
DA:567,0
DA:568,0
DA:569,0
DA:571,0
DA:572,0
DA:574,0
DA:575,0
DA:579,0
DA:580,0
DA:581,0
DA:583,0
DA:584,0
DA:586,0
DA:587,0
DA:589,0
DA:590,0
DA:591,0
DA:594,0
DA:602,0
DA:605,0
DA:609,0
DA:612,0
DA:615,0
DA:616,0
DA:619,0
DA:620,0
DA:626,0
DA:627,0
DA:628,0
DA:629,0
DA:631,0
DA:633,0
DA:634,0
DA:635,0
DA:636,0
DA:641,0
DA:642,0
DA:644,0
DA:645,0
DA:647,0
DA:648,0
DA:650,0
DA:651,0
DA:652,0
DA:653,0
DA:655,0
DA:657,0
DA:658,0
DA:661,0
DA:663,0
DA:664,0
DA:666,0
DA:667,0
DA:672,0
DA:674,0
DA:677,0
DA:678,0
DA:682,0
DA:683,0
DA:684,0
DA:685,0
DA:686,0
DA:687,0
DA:690,0
DA:691,0
DA:692,0
DA:693,0
DA:696,0
DA:697,0
DA:698,0
DA:702,0
DA:703,0
DA:705,0
DA:711,0
DA:712,0
DA:715,0
DA:716,0
DA:718,0
DA:719,0
DA:720,0
DA:721,0
DA:723,0
DA:724,0
DA:726,0
DA:729,0
DA:730,0
DA:737,0
DA:741,0
DA:743,0
DA:745,0
DA:747,0
DA:751,0
DA:752,0
DA:754,0
DA:756,0
DA:762,0
DA:763,0
DA:764,0
DA:765,0
DA:766,0
DA:768,0
DA:769,0
DA:770,0
DA:773,0
DA:776,0
DA:779,0
DA:784,0
DA:786,0
DA:791,0
DA:793,0
DA:794,0
DA:795,0
DA:796,0
DA:800,0
DA:801,0
DA:803,0
DA:808,0
DA:811,0
DA:813,0
DA:816,0
DA:818,0
DA:823,0
DA:825,0
DA:827,0
DA:831,0
DA:832,0
DA:833,0
DA:835,0
DA:841,0
DA:844,0
DA:846,0
DA:849,0
DA:854,0
DA:856,0
DA:857,0
DA:858,0
DA:859,0
DA:860,0
DA:865,0
DA:866,0
DA:868,0
DA:873,0
DA:874,0
DA:875,0
DA:876,0
DA:881,0
DA:882,0
DA:885,0
DA:886,0
DA:887,0
DA:888,0
DA:889,0
DA:892,0
DA:893,0
DA:895,0
DA:897,0
DA:900,0
DA:901,0
DA:902,0
DA:903,0
DA:909,0
DA:910,0
DA:912,0
DA:913,0
DA:914,0
DA:915,0
DA:916,0
DA:920,0
DA:921,0
DA:923,0
DA:924,0
DA:925,0
DA:926,0
DA:927,0
DA:931,0
DA:932,0
DA:934,0
DA:935,0
DA:936,0
DA:937,0
DA:938,0
DA:942,0
DA:943,0
DA:945,0
DA:946,0
DA:947,0
DA:948,0
DA:949,0
DA:953,0
DA:954,0
DA:955,0
DA:956,0
DA:959,0
DA:960,0
DA:961,0
DA:962,0
DA:965,0
DA:966,0
DA:967,0
DA:970,0
DA:971,0
DA:972,0
DA:973,0
DA:976,0
DA:977,0
DA:980,0
DA:981,0
DA:982,0
DA:985,0
DA:986,0
DA:989,0
DA:990,0
DA:991,0
DA:992,0
DA:996,0
DA:999,0
DA:1000,0
DA:1003,0
DA:1004,0
DA:1008,0
DA:1009,0
DA:1010,0
DA:1011,0
DA:1012,0
DA:1014,0
DA:1015,0
DA:1016,0
DA:1019,0
DA:1020,0
DA:1021,0
DA:1022,0
DA:1023,0
DA:1024,0
DA:1025,0
DA:1026,0
DA:1030,0
DA:1031,0
DA:1033,0
DA:1034,0
DA:1035,0
DA:1036,0
DA:1037,0
DA:1041,0
DA:1042,0
DA:1045,0
DA:1046,0
DA:1047,0
DA:1049,0
DA:1051,0
DA:1052,0
DA:1053,0
DA:1056,0
DA:1057,0
DA:1058,0
DA:1062,0
DA:1064,0
DA:1068,0
DA:1069,0
DA:1070,0
DA:1071,0
DA:1072,0
DA:1073,0
DA:1074,0
DA:1076,0
DA:1077,0
DA:1078,0
DA:1080,0
DA:1086,0
DA:1087,0
DA:1088,0
DA:1089,0
DA:1090,0
DA:1093,0
DA:1094,0
DA:1095,0
DA:1097,0
DA:1103,0
DA:1104,0
DA:1107,0
DA:1108,0
DA:1109,0
DA:1112,0
DA:1113,0
DA:1114,0
DA:1115,0
DA:1116,0
DA:1117,0
DA:1118,0
DA:1122,0
DA:1123,0
DA:1124,0
DA:1125,0
DA:1126,0
DA:1127,0
DA:1133,0
DA:1134,0
DA:1135,0
DA:1136,0
DA:1137,0
DA:1139,0
DA:1140,0
DA:1143,0
DA:1146,0
DA:1149,0
DA:1150,0
DA:1155,0
DA:1156,0
DA:1160,0
DA:1161,0
DA:1162,0
DA:1163,0
DA:1182,0
DA:1183,0
DA:1202,0
DA:1203,0
DA:1204,0
DA:1205,0
DA:1207,0
DA:1212,0
DA:1214,0
DA:1235,0
DA:1236,0
DA:1237,0
DA:1242,0
DA:1243,0
DA:1244,0
DA:1245,0
DA:1246,0
DA:1247,0
LF:594
LH:0
BRDA:35,0,0,0
BRDA:43,1,0,0
BRDA:43,1,1,0
BRDA:43,2,0,0
BRDA:43,2,1,0
BRDA:79,3,0,0
BRDA:79,4,0,0
BRDA:79,4,1,0
BRDA:92,5,0,0
BRDA:93,6,0,0
BRDA:93,6,1,0
BRDA:97,7,0,0
BRDA:97,8,0,0
BRDA:97,8,1,0
BRDA:99,9,0,0
BRDA:113,10,0,0
BRDA:113,11,0,0
BRDA:113,11,1,0
BRDA:123,12,0,0
BRDA:123,12,1,0
BRDA:123,13,0,0
BRDA:123,13,1,0
BRDA:124,14,0,0
BRDA:124,14,1,0
BRDA:124,15,0,0
BRDA:124,15,1,0
BRDA:125,16,0,0
BRDA:125,16,1,0
BRDA:125,17,0,0
BRDA:125,17,1,0
BRDA:126,18,0,0
BRDA:126,18,1,0
BRDA:126,19,0,0
BRDA:126,19,1,0
BRDA:127,20,0,0
BRDA:127,20,1,0
BRDA:127,21,0,0
BRDA:127,21,1,0
BRDA:128,22,0,0
BRDA:128,22,1,0
BRDA:128,23,0,0
BRDA:128,23,1,0
BRDA:129,24,0,0
BRDA:129,24,1,0
BRDA:129,25,0,0
BRDA:129,25,1,0
BRDA:130,26,0,0
BRDA:130,26,1,0
BRDA:130,27,0,0
BRDA:130,27,1,0
BRDA:131,28,0,0
BRDA:131,28,1,0
BRDA:131,29,0,0
BRDA:131,29,1,0
BRDA:132,30,0,0
BRDA:132,30,1,0
BRDA:132,31,0,0
BRDA:132,31,1,0
BRDA:133,32,0,0
BRDA:133,32,1,0
BRDA:133,33,0,0
BRDA:133,33,1,0
BRDA:134,34,0,0
BRDA:134,34,1,0
BRDA:134,35,0,0
BRDA:134,35,1,0
BRDA:135,36,0,0
BRDA:135,36,1,0
BRDA:135,37,0,0
BRDA:135,37,1,0
BRDA:136,38,0,0
BRDA:136,38,1,0
BRDA:136,39,0,0
BRDA:136,39,1,0
BRDA:146,40,0,0
BRDA:146,41,0,0
BRDA:146,41,1,0
BRDA:148,42,0,0
BRDA:148,42,1,0
BRDA:148,43,0,0
BRDA:148,43,1,0
BRDA:169,44,0,0
BRDA:169,44,1,0
BRDA:171,45,0,0
BRDA:171,45,1,0
BRDA:187,46,0,0
BRDA:187,46,1,0
BRDA:213,47,0,0
BRDA:213,48,0,0
BRDA:213,48,1,0
BRDA:219,49,0,0
BRDA:219,50,0,0
BRDA:219,50,1,0
BRDA:225,51,0,0
BRDA:225,52,0,0
BRDA:225,52,1,0
BRDA:231,53,0,0
BRDA:231,54,0,0
BRDA:231,54,1,0
BRDA:237,55,0,0
BRDA:237,56,0,0
BRDA:237,56,1,0
BRDA:244,57,0,0
BRDA:248,58,0,0
BRDA:248,59,0,0
BRDA:248,59,1,0
BRDA:279,60,0,0
BRDA:279,61,0,0
BRDA:279,61,1,0
BRDA:282,62,0,0
BRDA:292,63,0,0
BRDA:292,64,0,0
BRDA:292,64,1,0
BRDA:316,65,0,0
BRDA:316,66,0,0
BRDA:316,66,1,0
BRDA:329,67,0,0
BRDA:329,67,1,0
BRDA:329,68,0,0
BRDA:329,68,1,0
BRDA:338,69,0,0
BRDA:348,70,0,0
BRDA:348,70,1,0
BRDA:359,71,0,0
BRDA:359,71,1,0
BRDA:361,72,0,0
BRDA:361,72,1,0
BRDA:368,73,0,0
BRDA:368,74,0,0
BRDA:368,74,1,0
BRDA:368,75,0,0
BRDA:368,75,1,0
BRDA:384,76,0,0
BRDA:384,76,1,0
BRDA:387,77,0,0
BRDA:387,77,1,0
BRDA:392,78,0,0
BRDA:396,79,0,0
BRDA:396,79,1,0
BRDA:397,80,0,0
BRDA:397,80,1,0
BRDA:409,81,0,0
BRDA:409,81,1,0
BRDA:409,81,2,0
BRDA:409,81,3,0
BRDA:415,82,0,0
BRDA:415,82,1,0
BRDA:422,83,0,0
BRDA:422,83,1,0
BRDA:422,83,2,0
BRDA:422,83,3,0
BRDA:422,83,4,0
BRDA:422,83,5,0
BRDA:422,83,6,0
BRDA:424,84,0,0
BRDA:424,84,1,0
BRDA:424,85,0,0
BRDA:424,85,1,0
BRDA:427,86,0,0
BRDA:427,86,1,0
BRDA:427,87,0,0
BRDA:427,87,1,0
BRDA:430,88,0,0
BRDA:430,88,1,0
BRDA:430,89,0,0
BRDA:430,89,1,0
BRDA:430,90,0,0
BRDA:430,90,1,0
BRDA:430,91,0,0
BRDA:430,91,1,0
BRDA:430,92,0,0
BRDA:430,92,1,0
BRDA:430,93,0,0
BRDA:430,93,1,0
BRDA:433,94,0,0
BRDA:433,94,1,0
BRDA:433,95,0,0
BRDA:433,95,1,0
BRDA:433,96,0,0
BRDA:433,96,1,0
BRDA:433,97,0,0
BRDA:433,97,1,0
BRDA:433,98,0,0
BRDA:433,98,1,0
BRDA:433,99,0,0
BRDA:433,99,1,0
BRDA:436,100,0,0
BRDA:436,100,1,0
BRDA:436,101,0,0
BRDA:436,101,1,0
BRDA:436,102,0,0
BRDA:436,102,1,0
BRDA:436,103,0,0
BRDA:436,103,1,0
BRDA:436,104,0,0
BRDA:436,104,1,0
BRDA:436,105,0,0
BRDA:436,105,1,0
BRDA:439,106,0,0
BRDA:439,106,1,0
BRDA:439,107,0,0
BRDA:439,107,1,0
BRDA:439,108,0,0
BRDA:439,108,1,0
BRDA:439,109,0,0
BRDA:439,109,1,0
BRDA:439,110,0,0
BRDA:439,110,1,0
BRDA:439,111,0,0
BRDA:439,111,1,0
BRDA:442,112,0,0
BRDA:442,112,1,0
BRDA:442,113,0,0
BRDA:442,113,1,0
BRDA:442,114,0,0
BRDA:442,114,1,0
BRDA:442,115,0,0
BRDA:442,115,1,0
BRDA:442,116,0,0
BRDA:442,116,1,0
BRDA:442,117,0,0
BRDA:442,117,1,0
BRDA:448,118,0,0
BRDA:448,119,0,0
BRDA:448,119,1,0
BRDA:463,120,0,0
BRDA:463,121,0,0
BRDA:463,121,1,0
BRDA:476,122,0,0
BRDA:481,123,0,0
BRDA:487,124,0,0
BRDA:487,124,1,0
BRDA:487,125,0,0
BRDA:487,125,1,0
BRDA:493,126,0,0
BRDA:494,127,0,0
BRDA:494,127,1,0
BRDA:504,128,0,0
BRDA:504,128,1,0
BRDA:521,129,0,0
BRDA:526,130,0,0
BRDA:535,131,0,0
BRDA:535,131,1,0
BRDA:561,132,0,0
BRDA:563,133,0,0
BRDA:581,134,0,0
BRDA:584,135,0,0
BRDA:587,136,0,0
BRDA:619,137,0,0
BRDA:628,138,0,0
BRDA:634,139,0,0
BRDA:642,140,0,0
BRDA:645,141,0,0
BRDA:684,142,0,0
BRDA:684,143,0,0
BRDA:684,143,1,0
BRDA:703,144,0,0
BRDA:718,145,0,0
BRDA:718,145,1,0
BRDA:721,146,0,0
BRDA:721,146,1,0
BRDA:723,147,0,0
BRDA:723,148,0,0
BRDA:723,148,1,0
BRDA:729,149,0,0
BRDA:729,149,1,0
BRDA:737,150,0,0
BRDA:741,151,0,0
BRDA:745,152,0,0
BRDA:754,153,0,0
BRDA:754,154,0,0
BRDA:754,154,1,0
BRDA:762,155,0,0
BRDA:762,155,1,0
BRDA:763,156,0,0
BRDA:763,156,1,0
BRDA:766,157,0,0
BRDA:766,157,1,0
BRDA:779,158,0,0
BRDA:779,158,1,0
BRDA:784,159,0,0
BRDA:793,160,0,0
BRDA:793,160,1,0
BRDA:833,161,0,0
BRDA:859,162,0,0
BRDA:866,163,0,0
BRDA:866,163,1,0
BRDA:868,164,0,0
BRDA:868,164,1,0
BRDA:873,165,0,0
BRDA:895,166,0,0
BRDA:900,167,0,0
BRDA:900,167,1,0
BRDA:902,168,0,0
BRDA:912,169,0,0
BRDA:923,170,0,0
BRDA:934,171,0,0
BRDA:945,172,0,0
BRDA:967,173,0,0
BRDA:967,173,1,0
BRDA:982,174,0,0
BRDA:985,175,0,0
BRDA:999,176,0,0
BRDA:1020,177,0,0
BRDA:1024,178,0,0
BRDA:1033,179,0,0
BRDA:1046,180,0,0
BRDA:1046,181,0,0
BRDA:1046,181,1,0
BRDA:1053,182,0,0
BRDA:1053,182,1,0
BRDA:1053,183,0,0
BRDA:1053,183,1,0
BRDA:1053,184,0,0
BRDA:1053,184,1,0
BRDA:1056,185,0,0
BRDA:1076,186,0,0
BRDA:1093,187,0,0
BRDA:1114,188,0,0
BRDA:1114,188,1,0
BRDA:1114,189,0,0
BRDA:1114,189,1,0
BRDA:1114,190,0,0
BRDA:1114,190,1,0
BRDA:1114,191,0,0
BRDA:1114,191,1,0
BRDA:1114,192,0,0
BRDA:1114,192,1,0
BRDA:1124,193,0,0
BRDA:1125,194,0,0
BRDA:1125,194,1,0
BRDA:1127,195,0,0
BRDA:1136,196,0,0
BRDA:1136,196,1,0
BRDA:1136,197,0,0
BRDA:1136,197,1,0
BRDA:1137,198,0,0
BRDA:1137,198,1,0
BRDA:1139,199,0,0
BRDA:1139,199,1,0
BRDA:1161,200,0,0
BRDA:1161,201,0,0
BRDA:1161,201,1,0
BRDA:1202,202,0,0
BRDA:1202,202,1,0
BRDA:1204,203,0,0
BRDA:1204,203,1,0
BRDA:1212,204,0,0
BRDA:1212,204,1,0
BRDA:1212,205,0,0
BRDA:1212,205,1,0
BRDA:1221,206,0,0
BRDA:1221,206,1,0
BRDA:1221,207,0,0
BRDA:1221,207,1,0
BRDA:1222,208,0,0
BRDA:1222,208,1,0
BRDA:1281,209,0,0
BRDA:1281,209,1,0
BRDA:1288,210,0,0
BRDA:1288,210,1,0
BRDA:1288,211,0,0
BRDA:1288,211,1,0
BRDA:1289,212,0,0
BRDA:1289,212,1,0
BRF:365
BRH:0
end_of_record
TN:
SF:src/shared/card-renderer.tsx
FN:71,renderPropertyContent
FN:86,CoverCarousel
FN:87,(anonymous_2)
FN:93,(anonymous_3)
FN:124,(anonymous_4)
FN:139,(anonymous_5)
FN:147,(anonymous_6)
FN:159,(anonymous_7)
FN:176,(anonymous_8)
FN:273,(anonymous_10)
FN:338,(anonymous_11)
FN:343,(anonymous_12)
FN:371,(anonymous_13)
FN:376,(anonymous_14)
FN:400,(anonymous_15)
FN:400,(anonymous_16)
FN:401,(anonymous_17)
FN:409,(anonymous_18)
FN:419,(anonymous_19)
FN:457,CardRenderer
FN:476,(anonymous_21)
FN:513,Card
FN:537,(anonymous_23)
FN:571,(anonymous_24)
FN:586,(anonymous_25)
FN:609,(anonymous_26)
FN:614,(anonymous_27)
FN:632,(anonymous_28)
FN:662,(anonymous_29)
FN:681,(anonymous_30)
FN:697,(anonymous_31)
FN:711,(anonymous_32)
FN:716,(anonymous_33)
FN:725,(anonymous_34)
FN:733,(anonymous_35)
FN:745,(anonymous_36)
FN:770,(anonymous_37)
FN:771,(anonymous_38)
FN:786,(anonymous_39)
FN:824,(anonymous_40)
FN:852,(anonymous_41)
FN:889,(anonymous_42)
FN:903,(anonymous_43)
FN:914,(anonymous_44)
FN:930,(anonymous_45)
FN:937,(anonymous_46)
FN:947,(anonymous_47)
FN:956,(anonymous_48)
FN:968,(anonymous_49)
FN:999,(anonymous_50)
FN:1013,(anonymous_51)
FN:1024,(anonymous_52)
FN:1040,(anonymous_53)
FN:1047,(anonymous_54)
FN:1057,(anonymous_55)
FN:1066,(anonymous_56)
FN:1078,(anonymous_57)
FN:1107,(anonymous_58)
FN:1121,(anonymous_59)
FN:1132,(anonymous_60)
FN:1148,(anonymous_61)
FN:1155,(anonymous_62)
FN:1165,(anonymous_63)
FN:1174,(anonymous_64)
FN:1186,(anonymous_65)
FN:1209,(anonymous_66)
FN:1259,handleArrowKey
FN:1282,(anonymous_68)
FNF:68
FNH:0
FNDA:0,renderPropertyContent
FNDA:0,CoverCarousel
FNDA:0,(anonymous_2)
FNDA:0,(anonymous_3)
FNDA:0,(anonymous_4)
FNDA:0,(anonymous_5)
FNDA:0,(anonymous_6)
FNDA:0,(anonymous_7)
FNDA:0,(anonymous_8)
FNDA:0,(anonymous_10)
FNDA:0,(anonymous_11)
FNDA:0,(anonymous_12)
FNDA:0,(anonymous_13)
FNDA:0,(anonymous_14)
FNDA:0,(anonymous_15)
FNDA:0,(anonymous_16)
FNDA:0,(anonymous_17)
FNDA:0,(anonymous_18)
FNDA:0,(anonymous_19)
FNDA:0,CardRenderer
FNDA:0,(anonymous_21)
FNDA:0,Card
FNDA:0,(anonymous_23)
FNDA:0,(anonymous_24)
FNDA:0,(anonymous_25)
FNDA:0,(anonymous_26)
FNDA:0,(anonymous_27)
FNDA:0,(anonymous_28)
FNDA:0,(anonymous_29)
FNDA:0,(anonymous_30)
FNDA:0,(anonymous_31)
FNDA:0,(anonymous_32)
FNDA:0,(anonymous_33)
FNDA:0,(anonymous_34)
FNDA:0,(anonymous_35)
FNDA:0,(anonymous_36)
FNDA:0,(anonymous_37)
FNDA:0,(anonymous_38)
FNDA:0,(anonymous_39)
FNDA:0,(anonymous_40)
FNDA:0,(anonymous_41)
FNDA:0,(anonymous_42)
FNDA:0,(anonymous_43)
FNDA:0,(anonymous_44)
FNDA:0,(anonymous_45)
FNDA:0,(anonymous_46)
FNDA:0,(anonymous_47)
FNDA:0,(anonymous_48)
FNDA:0,(anonymous_49)
FNDA:0,(anonymous_50)
FNDA:0,(anonymous_51)
FNDA:0,(anonymous_52)
FNDA:0,(anonymous_53)
FNDA:0,(anonymous_54)
FNDA:0,(anonymous_55)
FNDA:0,(anonymous_56)
FNDA:0,(anonymous_57)
FNDA:0,(anonymous_58)
FNDA:0,(anonymous_59)
FNDA:0,(anonymous_60)
FNDA:0,(anonymous_61)
FNDA:0,(anonymous_62)
FNDA:0,(anonymous_63)
FNDA:0,(anonymous_64)
FNDA:0,(anonymous_65)
FNDA:0,(anonymous_66)
FNDA:0,handleArrowKey
FNDA:0,(anonymous_68)
DA:7,0
DA:10,0
DA:11,0
DA:12,0
DA:79,0
DA:87,0
DA:88,0
DA:90,0
DA:91,0
DA:93,0
DA:94,0
DA:95,0
DA:97,0
DA:99,0
DA:108,0
DA:109,0
DA:111,0
DA:114,0
DA:117,0
DA:118,0
DA:121,0
DA:124,0
DA:125,0
DA:128,0
DA:133,0
DA:136,0
DA:137,0
DA:139,0
DA:140,0
DA:141,0
DA:143,0
DA:144,0
DA:147,0
DA:148,0
DA:149,0
DA:151,0
DA:152,0
DA:156,0
DA:160,0
DA:177,0
DA:178,0
DA:179,0
DA:180,0
DA:181,0
DA:182,0
DA:183,0
DA:184,0
DA:185,0
DA:186,0
DA:187,0
DA:219,0
DA:220,0
DA:224,0
DA:225,0
DA:229,0
DA:230,0
DA:235,0
DA:241,0
DA:246,0
DA:247,0
DA:261,0
DA:262,0
DA:263,0
DA:264,0
DA:265,0
DA:266,0
DA:274,0
DA:294,0
DA:296,0
DA:326,0
DA:328,0
DA:329,0
DA:331,0
DA:339,0
DA:344,0
DA:345,0
DA:346,0
DA:347,0
DA:359,0
DA:361,0
DA:362,0
DA:364,0
DA:372,0
DA:377,0
DA:378,0
DA:379,0
DA:380,0
DA:392,0
DA:393,0
DA:400,0
DA:401,0
DA:402,0
DA:403,0
DA:404,0
DA:405,0
DA:410,0
DA:411,0
DA:412,0
DA:413,0
DA:414,0
DA:415,0
DA:420,0
DA:421,0
DA:422,0
DA:423,0
DA:424,0
DA:425,0
DA:426,0
DA:444,0
DA:457,0
DA:470,0
DA:477,0
DA:528,0
DA:530,0
DA:533,0
DA:534,0
DA:537,0
DA:545,0
DA:546,0
DA:547,0
DA:549,0
DA:550,0
DA:551,0
DA:552,0
DA:553,0
DA:554,0
DA:555,0
DA:556,0
DA:560,0
DA:561,0
DA:562,0
DA:563,0
DA:564,0
DA:565,0
DA:566,0
DA:567,0
DA:571,0
DA:572,0
DA:573,0
DA:575,0
DA:576,0
DA:579,0
DA:589,0
DA:590,0
DA:592,0
DA:593,0
DA:594,0
DA:595,0
DA:597,0
DA:599,0
DA:600,0
DA:601,0
DA:602,0
DA:604,0
DA:610,0
DA:611,0
DA:615,0
DA:616,0
DA:617,0
DA:618,0
DA:619,0
DA:620,0
DA:622,0
DA:625,0
DA:626,0
DA:627,0
DA:628,0
DA:629,0
DA:634,0
DA:643,0
DA:644,0
DA:645,0
DA:646,0
DA:647,0
DA:663,0
DA:664,0
DA:665,0
DA:666,0
DA:683,0
DA:686,0
DA:688,0
DA:692,0
DA:698,0
DA:699,0
DA:701,0
DA:702,0
DA:704,0
DA:705,0
DA:706,0
DA:708,0
DA:709,0
DA:711,0
DA:712,0
DA:714,0
DA:716,0
DA:717,0
DA:718,0
DA:719,0
DA:720,0
DA:721,0
DA:725,0
DA:726,0
DA:727,0
DA:728,0
DA:729,0
DA:733,0
DA:734,0
DA:735,0
DA:746,0
DA:747,0
DA:748,0
DA:749,0
DA:750,0
DA:751,0
DA:752,0
DA:753,0
DA:771,0
DA:772,0
DA:773,0
DA:776,0
DA:779,0
DA:780,0
DA:783,0
DA:786,0
DA:787,0
DA:788,0
DA:789,0
DA:792,0
DA:793,0
DA:795,0
DA:799,0
DA:802,0
DA:803,0
DA:810,0
DA:811,0
DA:824,0
DA:825,0
DA:826,0
DA:827,0
DA:828,0
DA:829,0
DA:830,0
DA:838,0
DA:852,0
DA:853,0
DA:854,0
DA:855,0
DA:858,0
DA:859,0
DA:860,0
DA:863,0
DA:864,0
DA:866,0
DA:867,0
DA:869,0
DA:879,0
DA:881,0
DA:890,0
DA:891,0
DA:892,0
DA:893,0
DA:894,0
DA:895,0
DA:896,0
DA:897,0
DA:898,0
DA:899,0
DA:904,0
DA:905,0
DA:906,0
DA:907,0
DA:915,0
DA:916,0
DA:918,0
DA:919,0
DA:921,0
DA:922,0
DA:923,0
DA:925,0
DA:927,0
DA:930,0
DA:931,0
DA:934,0
DA:937,0
DA:938,0
DA:940,0
DA:941,0
DA:942,0
DA:943,0
DA:947,0
DA:948,0
DA:949,0
DA:950,0
DA:951,0
DA:956,0
DA:957,0
DA:958,0
DA:969,0
DA:970,0
DA:971,0
DA:972,0
DA:973,0
DA:974,0
DA:975,0
DA:976,0
DA:1000,0
DA:1001,0
DA:1002,0
DA:1003,0
DA:1004,0
DA:1005,0
DA:1006,0
DA:1007,0
DA:1008,0
DA:1009,0
DA:1014,0
DA:1015,0
DA:1016,0
DA:1017,0
DA:1025,0
DA:1026,0
DA:1028,0
DA:1029,0
DA:1031,0
DA:1032,0
DA:1033,0
DA:1035,0
DA:1037,0
DA:1040,0
DA:1041,0
DA:1044,0
DA:1047,0
DA:1048,0
DA:1050,0
DA:1051,0
DA:1052,0
DA:1053,0
DA:1057,0
DA:1058,0
DA:1059,0
DA:1060,0
DA:1061,0
DA:1066,0
DA:1067,0
DA:1068,0
DA:1079,0
DA:1080,0
DA:1081,0
DA:1082,0
DA:1083,0
DA:1084,0
DA:1085,0
DA:1086,0
DA:1108,0
DA:1109,0
DA:1110,0
DA:1111,0
DA:1112,0
DA:1113,0
DA:1114,0
DA:1115,0
DA:1116,0
DA:1117,0
DA:1122,0
DA:1123,0
DA:1124,0
DA:1125,0
DA:1133,0
DA:1134,0
DA:1136,0
DA:1137,0
DA:1139,0
DA:1140,0
DA:1141,0
DA:1143,0
DA:1145,0
DA:1148,0
DA:1149,0
DA:1152,0
DA:1155,0
DA:1156,0
DA:1158,0
DA:1159,0
DA:1160,0
DA:1161,0
DA:1165,0
DA:1166,0
DA:1167,0
DA:1168,0
DA:1169,0
DA:1174,0
DA:1175,0
DA:1176,0
DA:1187,0
DA:1188,0
DA:1189,0
DA:1190,0
DA:1191,0
DA:1192,0
DA:1193,0
DA:1194,0
DA:1213,0
DA:1216,0
DA:1220,0
DA:1223,0
DA:1267,0
DA:1268,0
DA:1269,0
DA:1271,0
DA:1273,0
DA:1274,0
DA:1275,0
DA:1277,0
DA:1278,0
DA:1280,0
DA:1282,0
DA:1283,0
DA:1285,0
DA:1286,0
DA:1287,0
DA:1289,0
DA:1290,0
DA:1292,0
DA:1293,0
DA:1294,0
DA:1295,0
DA:1296,0
DA:1297,0
DA:1298,0
DA:1299,0
DA:1300,0
DA:1301,0
DA:1302,0
DA:1303,0
DA:1304,0
DA:1305,0
DA:1306,0
DA:1307,0
DA:1308,0
DA:1309,0
DA:1310,0
DA:1311,0
DA:1312,0
DA:1313,0
DA:1316,0
DA:1317,0
DA:1318,0
DA:1323,0
DA:1324,0
DA:1325,0
DA:1326,0
DA:1327,0
DA:1329,0
DA:1330,0
DA:1334,0
DA:1335,0
DA:1336,0
DA:1337,0
DA:1339,0
DA:1340,0
LF:460
LH:0
BRDA:79,0,0,0
BRDA:79,0,1,0
BRDA:88,1,0,0
BRDA:97,2,0,0
BRDA:97,3,0,0
BRDA:97,3,1,0
BRDA:109,4,0,0
BRDA:109,4,1,0
BRDA:118,5,0,0
BRDA:118,5,1,0
BRDA:139,6,0,0
BRDA:139,6,1,0
BRDA:139,7,0,0
BRDA:139,7,1,0
BRDA:141,8,0,0
BRDA:141,8,1,0
BRDA:143,9,0,0
BRDA:143,9,1,0
BRDA:147,10,0,0
BRDA:147,10,1,0
BRDA:147,11,0,0
BRDA:147,11,1,0
BRDA:149,12,0,0
BRDA:149,12,1,0
BRDA:151,13,0,0
BRDA:151,13,1,0
BRDA:162,14,0,0
BRDA:162,14,1,0
BRDA:168,15,0,0
BRDA:168,15,1,0
BRDA:177,16,0,0
BRDA:180,17,0,0
BRDA:182,18,0,0
BRDA:183,19,0,0
BRDA:183,19,1,0
BRDA:183,20,0,0
BRDA:183,20,1,0
BRDA:184,21,0,0
BRDA:186,22,0,0
BRDA:219,23,0,0
BRDA:224,24,0,0
BRDA:224,25,0,0
BRDA:224,25,1,0
BRDA:229,26,0,0
BRDA:229,27,0,0
BRDA:229,27,1,0
BRDA:235,28,0,0
BRDA:235,28,1,0
BRDA:241,29,0,0
BRDA:241,29,1,0
BRDA:246,30,0,0
BRDA:261,31,0,0
BRDA:264,32,0,0
BRDA:264,33,0,0
BRDA:264,33,1,0
BRDA:276,34,0,0
BRDA:276,34,1,0
BRDA:294,35,0,0
BRDA:294,35,1,0
BRDA:294,36,0,0
BRDA:294,36,1,0
BRDA:294,36,2,0
BRDA:294,36,3,0
BRDA:294,36,4,0
BRDA:303,37,0,0
BRDA:303,37,1,0
BRDA:303,37,2,0
BRDA:305,38,0,0
BRDA:305,38,1,0
BRDA:326,39,0,0
BRDA:326,39,1,0
BRDA:326,40,0,0
BRDA:326,40,1,0
BRDA:326,40,2,0
BRDA:346,41,0,0
BRDA:346,42,0,0
BRDA:346,42,1,0
BRDA:346,43,0,0
BRDA:346,43,1,0
BRDA:346,44,0,0
BRDA:346,44,1,0
BRDA:346,45,0,0
BRDA:346,45,1,0
BRDA:351,46,0,0
BRDA:351,46,1,0
BRDA:359,47,0,0
BRDA:359,47,1,0
BRDA:359,48,0,0
BRDA:359,48,1,0
BRDA:359,48,2,0
BRDA:379,49,0,0
BRDA:379,50,0,0
BRDA:379,50,1,0
BRDA:379,51,0,0
BRDA:379,51,1,0
BRDA:379,52,0,0
BRDA:379,52,1,0
BRDA:379,53,0,0
BRDA:379,53,1,0
BRDA:384,54,0,0
BRDA:384,54,1,0
BRDA:392,55,0,0
BRDA:392,56,0,0
BRDA:392,56,1,0
BRDA:392,56,2,0
BRDA:392,56,3,0
BRDA:404,57,0,0
BRDA:404,57,1,0
BRDA:411,58,0,0
BRDA:411,58,1,0
BRDA:411,59,0,0
BRDA:411,59,1,0
BRDA:411,60,0,0
BRDA:411,60,1,0
BRDA:411,61,0,0
BRDA:411,61,1,0
BRDA:412,62,0,0
BRDA:412,63,0,0
BRDA:412,63,1,0
BRDA:412,64,0,0
BRDA:412,64,1,0
BRDA:412,65,0,0
BRDA:412,65,1,0
BRDA:412,66,0,0
BRDA:412,66,1,0
BRDA:414,67,0,0
BRDA:419,68,0,0
BRDA:419,68,1,0
BRDA:423,69,0,0
BRDA:432,70,0,0
BRDA:432,70,1,0
BRDA:473,71,0,0
BRDA:473,71,1,0
BRDA:474,72,0,0
BRDA:474,72,1,0
BRDA:528,73,0,0
BRDA:528,73,1,0
BRDA:530,74,0,0
BRDA:530,74,1,0
BRDA:534,75,0,0
BRDA:534,75,1,0
BRDA:537,76,0,0
BRDA:537,76,1,0
BRDA:538,77,0,0
BRDA:538,77,1,0
BRDA:549,78,0,0
BRDA:549,78,1,0
BRDA:551,79,0,0
BRDA:551,79,1,0
BRDA:554,80,0,0
BRDA:561,81,0,0
BRDA:561,81,1,0
BRDA:565,82,0,0
BRDA:573,83,0,0
BRDA:584,84,0,0
BRDA:584,84,1,0
BRDA:585,85,0,0
BRDA:585,85,1,0
BRDA:589,86,0,0
BRDA:592,87,0,0
BRDA:592,87,1,0
BRDA:593,88,0,0
BRDA:593,88,1,0
BRDA:595,89,0,0
BRDA:595,89,1,0
BRDA:597,90,0,0
BRDA:597,90,1,0
BRDA:599,91,0,0
BRDA:599,92,0,0
BRDA:599,92,1,0
BRDA:599,92,2,0
BRDA:600,93,0,0
BRDA:600,93,1,0
BRDA:601,94,0,0
BRDA:601,94,1,0
BRDA:610,95,0,0
BRDA:615,96,0,0
BRDA:615,96,1,0
BRDA:615,97,0,0
BRDA:615,97,1,0
BRDA:617,98,0,0
BRDA:618,99,0,0
BRDA:618,99,1,0
BRDA:619,100,0,0
BRDA:619,100,1,0
BRDA:625,101,0,0
BRDA:625,101,1,0
BRDA:628,102,0,0
BRDA:643,103,0,0
BRDA:643,103,1,0
BRDA:646,104,0,0
BRDA:646,105,0,0
BRDA:646,105,1,0
BRDA:650,106,0,0
BRDA:650,106,1,0
BRDA:653,107,0,0
BRDA:653,107,1,0
BRDA:655,108,0,0
BRDA:655,108,1,0
BRDA:665,109,0,0
BRDA:665,109,1,0
BRDA:678,110,0,0
BRDA:678,110,1,0
BRDA:679,111,0,0
BRDA:679,111,1,0
BRDA:680,112,0,0
BRDA:680,112,1,0
BRDA:683,113,0,0
BRDA:683,113,1,0
BRDA:683,113,2,0
BRDA:686,114,0,0
BRDA:696,115,0,0
BRDA:696,115,1,0
BRDA:701,116,0,0
BRDA:701,117,0,0
BRDA:701,117,1,0
BRDA:704,118,0,0
BRDA:708,119,0,0
BRDA:708,119,1,0
BRDA:718,120,0,0
BRDA:726,121,0,0
BRDA:743,122,0,0
BRDA:743,122,1,0
BRDA:748,123,0,0
BRDA:750,124,0,0
BRDA:752,125,0,0
BRDA:770,126,0,0
BRDA:770,126,1,0
BRDA:770,126,2,0
BRDA:770,126,3,0
BRDA:773,127,0,0
BRDA:776,128,0,0
BRDA:776,128,1,0
BRDA:778,129,0,0
BRDA:778,129,1,0
BRDA:828,130,0,0
BRDA:828,131,0,0
BRDA:828,131,1,0
BRDA:828,131,2,0
BRDA:858,132,0,0
BRDA:885,133,0,0
BRDA:885,133,1,0
BRDA:885,133,2,0
BRDA:885,133,3,0
BRDA:885,133,4,0
BRDA:886,134,0,0
BRDA:886,134,1,0
BRDA:888,135,0,0
BRDA:888,135,1,0
BRDA:888,136,0,0
BRDA:888,136,1,0
BRDA:889,137,0,0
BRDA:889,137,1,0
BRDA:889,138,0,0
BRDA:889,138,1,0
BRDA:889,138,2,0
BRDA:896,139,0,0
BRDA:896,140,0,0
BRDA:896,140,1,0
BRDA:898,141,0,0
BRDA:903,142,0,0
BRDA:903,142,1,0
BRDA:903,143,0,0
BRDA:903,143,1,0
BRDA:903,143,2,0
BRDA:906,144,0,0
BRDA:906,145,0,0
BRDA:906,145,1,0
BRDA:913,146,0,0
BRDA:913,146,1,0
BRDA:918,147,0,0
BRDA:918,148,0,0
BRDA:918,148,1,0
BRDA:921,149,0,0
BRDA:925,150,0,0
BRDA:925,150,1,0
BRDA:940,151,0,0
BRDA:948,152,0,0
BRDA:966,153,0,0
BRDA:966,153,1,0
BRDA:971,154,0,0
BRDA:973,155,0,0
BRDA:975,156,0,0
BRDA:990,157,0,0
BRDA:990,157,1,0
BRDA:990,157,2,0
BRDA:990,157,3,0
BRDA:990,157,4,0
BRDA:990,157,5,0
BRDA:990,157,6,0
BRDA:990,157,7,0
BRDA:992,158,0,0
BRDA:992,158,1,0
BRDA:992,158,2,0
BRDA:995,159,0,0
BRDA:995,159,1,0
BRDA:995,159,2,0
BRDA:995,159,3,0
BRDA:996,160,0,0
BRDA:996,160,1,0
BRDA:998,161,0,0
BRDA:998,161,1,0
BRDA:998,162,0,0
BRDA:998,162,1,0
BRDA:999,163,0,0
BRDA:999,163,1,0
BRDA:999,164,0,0
BRDA:999,164,1,0
BRDA:999,164,2,0
BRDA:1006,165,0,0
BRDA:1006,166,0,0
BRDA:1006,166,1,0
BRDA:1008,167,0,0
BRDA:1013,168,0,0
BRDA:1013,168,1,0
BRDA:1013,169,0,0
BRDA:1013,169,1,0
BRDA:1013,169,2,0
BRDA:1013,169,3,0
BRDA:1016,170,0,0
BRDA:1016,171,0,0
BRDA:1016,171,1,0
BRDA:1023,172,0,0
BRDA:1023,172,1,0
BRDA:1028,173,0,0
BRDA:1028,174,0,0
BRDA:1028,174,1,0
BRDA:1031,175,0,0
BRDA:1035,176,0,0
BRDA:1035,176,1,0
BRDA:1050,177,0,0
BRDA:1058,178,0,0
BRDA:1076,179,0,0
BRDA:1076,179,1,0
BRDA:1081,180,0,0
BRDA:1083,181,0,0
BRDA:1085,182,0,0
BRDA:1103,183,0,0
BRDA:1103,183,1,0
BRDA:1103,183,2,0
BRDA:1103,183,3,0
BRDA:1103,183,4,0
BRDA:1104,184,0,0
BRDA:1104,184,1,0
BRDA:1106,185,0,0
BRDA:1106,185,1,0
BRDA:1106,186,0,0
BRDA:1106,186,1,0
BRDA:1107,187,0,0
BRDA:1107,187,1,0
BRDA:1107,188,0,0
BRDA:1107,188,1,0
BRDA:1107,188,2,0
BRDA:1114,189,0,0
BRDA:1114,190,0,0
BRDA:1114,190,1,0
BRDA:1116,191,0,0
BRDA:1121,192,0,0
BRDA:1121,192,1,0
BRDA:1121,193,0,0
BRDA:1121,193,1,0
BRDA:1121,193,2,0
BRDA:1124,194,0,0
BRDA:1124,195,0,0
BRDA:1124,195,1,0
BRDA:1131,196,0,0
BRDA:1131,196,1,0
BRDA:1136,197,0,0
BRDA:1136,198,0,0
BRDA:1136,198,1,0
BRDA:1139,199,0,0
BRDA:1143,200,0,0
BRDA:1143,200,1,0
BRDA:1158,201,0,0
BRDA:1166,202,0,0
BRDA:1184,203,0,0
BRDA:1184,203,1,0
BRDA:1189,204,0,0
BRDA:1191,205,0,0
BRDA:1193,206,0,0
BRDA:1213,207,0,0
BRDA:1213,207,1,0
BRDA:1214,208,0,0
BRDA:1214,208,1,0
BRDA:1215,209,0,0
BRDA:1215,209,1,0
BRDA:1216,210,0,0
BRDA:1216,210,1,0
BRDA:1217,211,0,0
BRDA:1217,211,1,0
BRDA:1218,212,0,0
BRDA:1218,212,1,0
BRDA:1220,213,0,0
BRDA:1220,214,0,0
BRDA:1220,214,1,0
BRDA:1226,215,0,0
BRDA:1226,215,1,0
BRDA:1227,216,0,0
BRDA:1227,216,1,0
BRDA:1228,217,0,0
BRDA:1228,217,1,0
BRDA:1228,218,0,0
BRDA:1228,218,1,0
BRDA:1228,218,2,0
BRDA:1228,218,3,0
BRDA:1231,219,0,0
BRDA:1231,219,1,0
BRDA:1231,220,0,0
BRDA:1231,220,1,0
BRDA:1231,221,0,0
BRDA:1231,221,1,0
BRDA:1234,222,0,0
BRDA:1234,222,1,0
BRDA:1234,223,0,0
BRDA:1234,223,1,0
BRDA:1234,224,0,0
BRDA:1234,224,1,0
BRDA:1239,225,0,0
BRDA:1239,225,1,0
BRDA:1240,226,0,0
BRDA:1240,226,1,0
BRDA:1241,227,0,0
BRDA:1241,227,1,0
BRDA:1241,228,0,0
BRDA:1241,228,1,0
BRDA:1241,228,2,0
BRDA:1241,228,3,0
BRDA:1244,229,0,0
BRDA:1244,229,1,0
BRDA:1244,230,0,0
BRDA:1244,230,1,0
BRDA:1244,231,0,0
BRDA:1244,231,1,0
BRDA:1247,232,0,0
BRDA:1247,232,1,0
BRDA:1247,233,0,0
BRDA:1247,233,1,0
BRDA:1247,234,0,0
BRDA:1247,234,1,0
BRDA:1267,235,0,0
BRDA:1267,235,1,0
BRDA:1267,236,0,0
BRDA:1267,236,1,0
BRDA:1267,237,0,0
BRDA:1267,237,1,0
BRDA:1271,238,0,0
BRDA:1280,239,0,0
BRDA:1280,239,1,0
BRDA:1283,240,0,0
BRDA:1292,241,0,0
BRDA:1292,241,1,0
BRDA:1292,242,0,0
BRDA:1292,242,1,0
BRDA:1293,243,0,0
BRDA:1298,244,0,0
BRDA:1298,244,1,0
BRDA:1298,245,0,0
BRDA:1298,245,1,0
BRDA:1299,246,0,0
BRDA:1304,247,0,0
BRDA:1304,247,1,0
BRDA:1304,248,0,0
BRDA:1304,248,1,0
BRDA:1309,249,0,0
BRDA:1309,250,0,0
BRDA:1309,250,1,0
BRDA:1316,251,0,0
BRDA:1316,252,0,0
BRDA:1316,252,1,0
BRDA:1324,253,0,0
BRDA:1324,253,1,0
BRDA:1324,254,0,0
BRDA:1324,254,1,0
BRDA:1326,255,0,0
BRDA:1326,256,0,0
BRDA:1326,256,1,0
BRDA:1329,257,0,0
BRDA:1329,258,0,0
BRDA:1329,258,1,0
BRDA:1334,259,0,0
BRDA:1336,260,0,0
BRF:481
BRH:0
end_of_record
TN:
SF:src/shared/constants.ts
FNF:0
FNH:0
DA:6,0
DA:9,0
DA:12,0
DA:15,0
DA:18,0
DA:21,0
DA:24,0
DA:27,0
LF:8
LH:0
BRF:0
BRH:0
end_of_record
TN:
SF:src/shared/content-loader.ts
FN:17,loadImageForEntry
FN:75,loadImagesForEntries
FN:87,(anonymous_4)
FN:87,(anonymous_5)
FN:115,loadSnippetForEntry
FN:163,loadSnippetsForEntries
FN:177,(anonymous_10)
FN:177,(anonymous_11)
FNF:8
FNH:0
FNDA:0,loadImageForEntry
FNDA:0,loadImagesForEntries
FNDA:0,(anonymous_4)
FNDA:0,(anonymous_5)
FNDA:0,loadSnippetForEntry
FNDA:0,loadSnippetsForEntries
FNDA:0,(anonymous_10)
FNDA:0,(anonymous_11)
DA:2,0
DA:3,0
DA:17,0
DA:27,0
DA:28,0
DA:31,0
DA:33,0
DA:36,0
DA:42,0
DA:44,0
DA:45,0
DA:46,0
DA:48,0
DA:49,0
DA:51,0
DA:56,0
DA:58,0
DA:59,0
DA:62,0
DA:75,0
DA:86,0
DA:87,0
DA:88,0
DA:115,0
DA:127,0
DA:128,0
DA:131,0
DA:132,0
DA:134,0
DA:146,0
DA:149,0
DA:150,0
DA:163,0
DA:176,0
DA:177,0
DA:178,0
LF:36
LH:0
BRDA:27,0,0,0
BRDA:42,1,0,0
BRDA:42,1,1,0
BRDA:46,2,0,0
BRDA:46,2,1,0
BRDA:48,3,0,0
BRDA:51,4,0,0
BRDA:56,5,0,0
BRDA:58,6,0,0
BRDA:58,6,1,0
BRDA:127,7,0,0
BRDA:132,8,0,0
BRDA:132,8,1,0
BRF:13
BRH:0
end_of_record
TN:
SF:src/shared/data-transform.ts
FN:21,applySmartTimestamp
FN:52,(anonymous_1)
FN:56,(anonymous_2)
FN:82,(anonymous_3)
FN:99,datacoreResultToCardData
FN:156,(anonymous_5)
FN:183,basesEntryToCardData
FN:214,(anonymous_7)
FN:221,(anonymous_8)
FN:225,(anonymous_9)
FN:235,(anonymous_10)
FN:242,(anonymous_11)
FN:246,(anonymous_12)
FN:281,(anonymous_13)
FN:306,transformDatacoreResults
FN:317,(anonymous_15)
FN:318,(anonymous_16)
FN:333,transformBasesEntries
FN:343,(anonymous_18)
FN:359,resolveBasesProperty
FN:468,(anonymous_20)
FN:484,(anonymous_21)
FN:501,resolveDatacoreProperty
FN:552,(anonymous_23)
FN:556,(anonymous_24)
FNF:25
FNH:0
FNDA:0,applySmartTimestamp
FNDA:0,(anonymous_1)
FNDA:0,(anonymous_2)
FNDA:0,(anonymous_3)
FNDA:0,datacoreResultToCardData
FNDA:0,(anonymous_5)
FNDA:0,basesEntryToCardData
FNDA:0,(anonymous_7)
FNDA:0,(anonymous_8)
FNDA:0,(anonymous_9)
FNDA:0,(anonymous_10)
FNDA:0,(anonymous_11)
FNDA:0,(anonymous_12)
FNDA:0,(anonymous_13)
FNDA:0,transformDatacoreResults
FNDA:0,(anonymous_15)
FNDA:0,(anonymous_16)
FNDA:0,transformBasesEntries
FNDA:0,(anonymous_18)
FNDA:0,resolveBasesProperty
FNDA:0,(anonymous_20)
FNDA:0,(anonymous_21)
FNDA:0,resolveDatacoreProperty
FNDA:0,(anonymous_23)
FNDA:0,(anonymous_24)
DA:10,0
DA:14,0
DA:34,0
DA:36,0
DA:40,0
DA:41,0
DA:46,0
DA:48,0
DA:52,0
DA:53,0
DA:56,0
DA:57,0
DA:64,0
DA:66,0
DA:70,0
DA:74,0
DA:82,0
DA:83,0
DA:85,0
DA:87,0
DA:91,0
DA:99,0
DA:110,0
DA:111,0
DA:112,0
DA:115,0
DA:116,0
DA:119,0
DA:120,0
DA:122,0
DA:125,0
DA:126,0
DA:129,0
DA:144,0
DA:152,0
DA:155,0
DA:156,0
DA:157,0
[...]
FN:9,updateScrollGradient
FN:73,setupScrollGradients
FN:81,(anonymous_2)
FN:88,(anonymous_3)
FN:93,(anonymous_4)
FNF:5
FNH:0
FNDA:0,updateScrollGradient
FNDA:0,setupScrollGradients
FNDA:0,(anonymous_2)
FNDA:0,(anonymous_3)
FNDA:0,(anonymous_4)
DA:1,0
DA:9,0
DA:11,0
DA:12,0
DA:14,0
DA:15,0
DA:19,0
DA:20,0
DA:24,0
DA:26,0
DA:28,0
DA:29,0
DA:30,0
DA:31,0
DA:32,0
DA:36,0
DA:39,0
DA:40,0
DA:41,0
DA:42,0
DA:43,0
DA:46,0
DA:47,0
DA:48,0
DA:51,0
DA:53,0
DA:54,0
DA:56,0
DA:57,0
DA:59,0
DA:73,0
DA:79,0
DA:81,0
DA:82,0
DA:83,0
DA:85,0
DA:88,0
DA:89,0
DA:93,0
DA:94,0
LF:40
LH:0
BRDA:14,0,0,0
BRDA:14,1,0,0
BRDA:14,1,1,0
BRDA:26,2,0,0
BRDA:51,3,0,0
BRDA:51,3,1,0
BRDA:51,4,0,0
BRDA:51,4,1,0
BRDA:54,5,0,0
BRDA:54,5,1,0
BRDA:54,6,0,0
BRDA:54,6,1,0
BRDA:57,7,0,0
BRDA:57,8,0,0
BRDA:57,8,1,0
BRDA:85,9,0,0
BRF:16
BRH:0
end_of_record
TN:
SF:src/shared/settings-schema.ts
FN:25,setPluginInstance
FN:34,getBasesViewOptions
FN:195,getMasonryViewOptions
FN:203,readBasesSettings
FN:216,(anonymous_4)
FN:220,(anonymous_5)
FN:229,(anonymous_6)
FN:236,(anonymous_7)
FN:243,(anonymous_8)
FN:252,(anonymous_9)
FN:256,(anonymous_10)
FN:288,(anonymous_11)
FN:293,(anonymous_12)
FN:297,(anonymous_13)
FN:312,(anonymous_14)
FN:316,(anonymous_15)
FNF:16
FNH:0
FNDA:0,setPluginInstance
FNDA:0,getBasesViewOptions
FNDA:0,getMasonryViewOptions
FNDA:0,readBasesSettings
FNDA:0,(anonymous_4)
FNDA:0,(anonymous_5)
FNDA:0,(anonymous_6)
FNDA:0,(anonymous_7)
FNDA:0,(anonymous_8)
FNDA:0,(anonymous_9)
FNDA:0,(anonymous_10)
FNDA:0,(anonymous_11)
FNDA:0,(anonymous_12)
FNDA:0,(anonymous_13)
FNDA:0,(anonymous_14)
FNDA:0,(anonymous_15)
DA:7,0
DA:23,0
DA:25,0
DA:26,0
DA:34,0
DA:35,0
DA:195,0
DA:196,0
DA:203,0
DA:204,0
DA:205,0
DA:206,0
DA:208,0
DA:217,0
DA:218,0
DA:221,0
DA:223,0
DA:224,0
DA:227,0
DA:230,0
DA:231,0
DA:232,0
DA:234,0
DA:237,0
DA:238,0
DA:239,0
DA:241,0
DA:244,0
DA:245,0
DA:246,0
DA:248,0
DA:253,0
DA:254,0
DA:257,0
DA:258,0
DA:261,0
DA:262,0
DA:264,0
DA:266,0
DA:267,0
DA:269,0
DA:270,0
DA:271,0
DA:273,0
DA:274,0
DA:279,0
DA:282,0
DA:283,0
DA:286,0
DA:289,0
DA:290,0
DA:294,0
DA:295,0
DA:298,0
DA:299,0
DA:313,0
DA:314,0
DA:317,0
DA:318,0
LF:59
LH:0
BRDA:209,0,0,0
BRDA:209,0,1,0
BRDA:210,1,0,0
BRDA:210,1,1,0
BRDA:211,2,0,0
BRDA:211,2,1,0
BRDA:213,3,0,0
BRDA:213,3,1,0
BRDA:213,4,0,0
BRDA:213,4,1,0
BRDA:214,5,0,0
BRDA:214,5,1,0
BRDA:214,6,0,0
BRDA:214,6,1,0
BRDA:215,7,0,0
BRDA:215,7,1,0
BRDA:215,8,0,0
BRDA:215,8,1,0
BRDA:218,9,0,0
BRDA:218,9,1,0
BRDA:218,10,0,0
BRDA:218,10,1,0
BRDA:218,10,2,0
BRDA:223,11,0,0
BRDA:223,12,0,0
BRDA:223,12,1,0
BRDA:224,13,0,0
BRDA:224,13,1,0
BRDA:231,14,0,0
BRDA:231,15,0,0
BRDA:231,15,1,0
BRDA:232,16,0,0
BRDA:232,16,1,0
BRDA:238,17,0,0
BRDA:238,18,0,0
BRDA:238,18,1,0
BRDA:239,19,0,0
BRDA:239,19,1,0
BRDA:245,20,0,0
BRDA:245,21,0,0
BRDA:245,21,1,0
BRDA:246,22,0,0
BRDA:246,22,1,0
BRDA:250,23,0,0
BRDA:250,23,1,0
BRDA:250,24,0,0
BRDA:250,24,1,0
BRDA:251,25,0,0
BRDA:251,25,1,0
BRDA:251,26,0,0
BRDA:251,26,1,0
BRDA:254,27,0,0
BRDA:254,27,1,0
BRDA:254,28,0,0
BRDA:254,28,1,0
BRDA:254,28,2,0
BRDA:264,29,0,0
BRDA:264,29,1,0
BRDA:264,30,0,0
BRDA:264,30,1,0
BRDA:264,30,2,0
BRDA:267,31,0,0
BRDA:267,32,0,0
BRDA:267,32,1,0
BRDA:271,33,0,0
BRDA:271,33,1,0
BRDA:271,34,0,0
BRDA:271,34,1,0
BRDA:271,34,2,0
BRDA:274,35,0,0
BRDA:274,35,1,0
BRDA:274,36,0,0
BRDA:274,36,1,0
BRDA:274,36,2,0
BRDA:274,36,3,0
BRDA:276,37,0,0
BRDA:276,37,1,0
BRDA:276,38,0,0
BRDA:276,38,1,0
BRDA:276,38,2,0
BRDA:276,38,3,0
BRDA:279,39,0,0
BRDA:282,40,0,0
BRDA:282,41,0,0
BRDA:282,41,1,0
BRDA:282,41,2,0
BRDA:282,41,3,0
BRDA:290,42,0,0
BRDA:290,42,1,0
BRDA:290,43,0,0
BRDA:290,43,1,0
BRDA:295,44,0,0
BRDA:295,44,1,0
BRDA:299,45,0,0
BRDA:299,45,1,0
BRDA:314,46,0,0
BRDA:314,46,1,0
BRDA:318,47,0,0
BRDA:318,47,1,0
BRF:99
BRH:0
end_of_record
TN:
SF:src/utils/dropdown-position.ts
FN:4,positionDropdown
FN:47,setupClickOutside
FN:51,(anonymous_2)
FN:58,(anonymous_3)
FN:63,(anonymous_4)
FNF:5
FNH:0
FNDA:0,positionDropdown
FNDA:0,setupClickOutside
FNDA:0,(anonymous_2)
FNDA:0,(anonymous_3)
FNDA:0,(anonymous_4)
DA:4,0
DA:8,0
DA:11,0
DA:12,0
DA:15,0
DA:18,0
DA:19,0
DA:20,0
DA:23,0
DA:24,0
DA:28,0
DA:30,0
DA:31,0
DA:32,0
DA:35,0
DA:40,0
DA:41,0
DA:47,0
DA:51,0
DA:52,0
DA:53,0
DA:58,0
DA:59,0
DA:63,0
DA:64,0
LF:25
LH:0
BRDA:23,0,0,0
BRDA:28,1,0,0
BRDA:31,2,0,0
BRDA:31,2,1,0
BRDA:52,3,0,0
BRF:5
BRH:0
end_of_record
TN:
SF:src/utils/file.ts
FN:8,getFileCtime
FN:18,getCurrentFile
FN:29,getAvailablePath
FNF:3
FNH:3
FNDA:6,getFileCtime
FNDA:2,getCurrentFile
FNDA:10,getAvailablePath
DA:1,1
DA:8,1
DA:9,6
DA:10,3
DA:18,1
DA:19,2
DA:29,1
DA:30,10
DA:31,10
DA:32,10
DA:34,10
DA:35,10
DA:36,5
DA:39,5
DA:40,5
DA:43,10
LF:16
LH:16
BRDA:9,0,0,3
BRDA:9,1,0,2
BRDA:9,1,1,4
BRDA:9,2,0,6
BRDA:9,2,1,5
BRDA:9,3,0,1
BRDA:9,3,1,5
BRDA:9,4,0,6
BRDA:9,4,1,5
BRDA:31,5,0,9
BRDA:31,5,1,1
BRDA:36,6,0,5
BRDA:36,6,1,0
BRF:13
BRH:12
end_of_record
TN:
SF:src/utils/image-color.ts
FN:11,extractAverageColor
FN:56,calculateLuminance
FN:64,(anonymous_2)
FN:79,getColorTheme
FNF:4
FNH:4
FNDA:5,extractAverageColor
FNDA:31,calculateLuminance
FNDA:78,(anonymous_2)
FNDA:14,getColorTheme
DA:11,1
DA:12,5
DA:13,5
DA:15,5
DA:16,1
DA:20,4
DA:21,4
DA:22,4
DA:25,4
DA:28,4
DA:29,4
DA:31,4
DA:32,4
DA:35,4
DA:36,10000
DA:37,10000
DA:38,10000
DA:43,4
DA:44,4
DA:45,4
DA:47,4
DA:56,1
DA:57,31
DA:58,31
DA:60,26
DA:61,26
DA:62,26
DA:64,26
DA:65,78
DA:67,26
DA:68,26
DA:69,26
DA:71,26
DA:79,1
DA:80,14
LF:35
LH:35
BRDA:15,0,0,1
BRDA:58,1,0,5
BRDA:65,2,0,32
BRDA:65,2,1,46
BRDA:80,3,0,6
BRDA:80,3,1,8
BRF:6
BRH:6
end_of_record
TN:
SF:src/utils/image.ts
FN:8,isExternalUrl
FN:17,hasValidImageExtension
FN:27,validateImageUrl
FN:28,(anonymous_3)
FN:30,(anonymous_4)
FN:31,(anonymous_5)
FN:33,(anonymous_6)
FN:44,stripWikilinkSyntax
FN:55,processImagePaths
FN:94,resolveInternalImagePaths
FN:119,extractEmbedImages
FN:170,loadImageForFile
FN:171,(anonymous_14)
FNF:13
FNH:0
FNDA:0,isExternalUrl
FNDA:0,hasValidImageExtension
FNDA:0,validateImageUrl
FNDA:0,(anonymous_3)
FNDA:0,(anonymous_4)
FNDA:0,(anonymous_5)
FNDA:0,(anonymous_6)
FNDA:0,stripWikilinkSyntax
FNDA:0,processImagePaths
FNDA:0,resolveInternalImagePaths
FNDA:0,extractEmbedImages
FNDA:0,loadImageForFile
FNDA:0,(anonymous_14)
DA:1,0
DA:8,0
DA:9,0
DA:17,0
DA:18,0
DA:27,0
DA:28,0
DA:29,0
DA:30,0
DA:31,0
DA:33,0
DA:34,0
DA:44,0
DA:45,0
DA:46,0
DA:55,0
DA:58,0
DA:59,0
DA:61,0
DA:63,0
DA:65,0
DA:67,0
DA:69,0
DA:71,0
DA:72,0
DA:73,0
DA:78,0
DA:79,0
DA:84,0
DA:94,0
DA:99,0
DA:100,0
DA:102,0
DA:103,0
DA:104,0
DA:105,0
DA:106,0
DA:110,0
DA:119,0
DA:123,0
DA:124,0
DA:126,0
DA:128,0
DA:129,0
DA:132,0
DA:133,0
DA:134,0
DA:136,0
DA:137,0
DA:141,0
DA:142,0
DA:143,0
DA:144,0
DA:150,0
DA:151,0
DA:152,0
DA:153,0
DA:157,0
DA:170,0
DA:171,0
DA:178,0
DA:180,0
DA:181,0
DA:184,0
DA:185,0
DA:187,0
DA:188,0
DA:189,0
DA:190,0
DA:192,0
DA:199,0
DA:202,0
DA:203,0
DA:204,0
DA:205,0
DA:206,0
DA:211,0
DA:212,0
DA:213,0
DA:214,0
DA:219,0
DA:220,0
DA:222,0
DA:223,0
DA:225,0
DA:226,0
DA:229,0
DA:230,0
DA:231,0
DA:232,0
DA:234,0
DA:235,0
DA:239,0
DA:240,0
DA:241,0
DA:242,0
DA:249,0
DA:250,0
DA:251,0
DA:252,0
DA:257,0
DA:260,0
DA:261,0
DA:266,0
DA:267,0
DA:270,0
DA:271,0
DA:275,0
DA:280,0
DA:281,0
LF:110
LH:0
BRDA:46,0,0,0
BRDA:46,0,1,0
BRDA:65,1,0,0
BRDA:67,2,0,0
BRDA:67,2,1,0
BRDA:69,3,0,0
BRDA:69,4,0,0
BRDA:69,4,1,0
BRDA:72,5,0,0
BRDA:78,6,0,0
BRDA:104,7,0,0
BRDA:104,8,0,0
BRDA:104,8,1,0
BRDA:126,9,0,0
BRDA:126,10,0,0
BRDA:126,10,1,0
BRDA:126,11,0,0
BRDA:126,11,1,0
BRDA:134,12,0,0
BRDA:134,12,1,0
BRDA:136,13,0,0
BRDA:136,14,0,0
BRDA:136,14,1,0
BRDA:142,15,0,0
BRDA:142,16,0,0
BRDA:142,16,1,0
BRDA:152,17,0,0
BRDA:175,18,0,0
BRDA:176,19,0,0
BRDA:184,20,0,0
BRDA:185,21,0,0
BRDA:185,21,1,0
BRDA:188,22,0,0
BRDA:189,23,0,0
BRDA:189,23,1,0
BRDA:204,24,0,0
BRDA:204,25,0,0
BRDA:204,25,1,0
BRDA:213,26,0,0
BRDA:220,27,0,0
BRDA:220,28,0,0
BRDA:220,28,1,0
BRDA:223,29,0,0
BRDA:229,30,0,0
BRDA:232,31,0,0
BRDA:232,31,1,0
BRDA:234,32,0,0
BRDA:234,33,0,0
BRDA:234,33,1,0
BRDA:240,34,0,0
BRDA:240,35,0,0
BRDA:240,35,1,0
BRDA:251,36,0,0
BRDA:260,37,0,0
BRDA:260,37,1,0
BRDA:260,38,0,0
BRDA:260,38,1,0
BRDA:266,39,0,0
BRDA:266,39,1,0
BRDA:270,40,0,0
BRDA:270,40,1,0
BRDA:280,41,0,0
BRDA:281,42,0,0
BRDA:281,42,1,0
BRF:64
BRH:0
end_of_record
TN:
SF:src/utils/masonry-layout.ts
FN:31,calculateMasonryLayout
FN:47,(anonymous_1)
FN:78,applyMasonryLayout
FN:88,(anonymous_3)
FNF:4
FNH:4
FNDA:12,calculateMasonryLayout
FNDA:26,(anonymous_1)
FNDA:2,applyMasonryLayout
FNDA:3,(anonymous_3)
DA:31,1
DA:32,12
DA:35,12
DA:41,12
DA:44,12
DA:45,12
DA:47,12
DA:49,26
DA:52,26
DA:53,26
DA:55,26
DA:58,26
DA:59,26
DA:63,12
DA:65,12
DA:78,1
DA:84,2
DA:85,2
DA:88,2
DA:89,3
DA:90,3
DA:91,3
DA:92,3
DA:93,3
LF:24
LH:24
BRF:0
BRH:0
end_of_record
TN:
SF:src/utils/preview.ts
FN:46,protectEscapedChars
FN:50,(anonymous_1)
FN:63,restoreEscapedChars
FN:65,(anonymous_3)
FN:76,removeCodeBlocks
FN:127,stripMarkdownSyntax
FN:142,(anonymous_6)
FN:143,(anonymous_7)
FN:177,sanitizeForPreview
FN:202,(anonymous_9)
FN:205,(anonymous_10)
FN:229,loadFilePreview
FNF:12
FNH:12
FNDA:50,protectEscapedChars
FNDA:2,(anonymous_1)
FNDA:50,restoreEscapedChars
FNDA:2,(anonymous_3)
FNDA:50,removeCodeBlocks
FNDA:52,stripMarkdownSyntax
FNDA:1300,(anonymous_6)
FNDA:50,(anonymous_7)
FNDA:52,sanitizeForPreview
FNDA:216,(anonymous_9)
FNDA:1,(anonymous_10)
FNDA:15,loadFilePreview
DA:12,1
DA:47,50
DA:48,50
DA:50,50
DA:51,2
DA:52,2
DA:53,2
DA:54,2
DA:57,50
DA:64,50
DA:65,50
DA:66,2
DA:68,50
DA:77,50
DA:78,50
DA:81,50
DA:82,54
DA:85,54
DA:86,54
DA:88,4
DA:89,4
DA:90,4
DA:93,4
DA:94,4
DA:97,4
DA:98,4
DA:100,4
DA:102,4
DA:103,4
DA:106,4
DA:107,4
DA:110,0
DA:111,0
DA:113,0
DA:115,0
DA:117,0
DA:121,50
DA:128,52
DA:131,50
DA:133,50
DA:136,50
DA:139,50
DA:142,50
DA:143,1300
DA:145,50
DA:146,2
DA:150,48
DA:151,48
DA:152,20
DA:153,20
DA:159,28
DA:164,50
DA:166,50
DA:177,1
DA:184,52
DA:185,52
DA:188,52
DA:189,52
DA:192,52
DA:195,6
DA:199,52
DA:202,216
DA:205,1
DA:208,52
DA:209,52
DA:211,52
DA:212,1
DA:215,52
DA:229,1
DA:241,15
DA:245,15
DA:246,5
DA:250,10
DA:251,9
DA:252,8
DA:260,1
LF:76
LH:71
BRDA:86,0,0,50
BRDA:100,1,0,4
BRDA:100,1,1,0
BRDA:111,2,0,0
BRDA:111,2,1,0
BRDA:128,3,0,2
BRDA:128,4,0,52
BRDA:128,4,1,50
BRDA:145,5,0,2
BRDA:146,6,0,2
BRDA:146,6,1,0
BRDA:150,7,0,48
BRDA:150,8,0,48
BRDA:150,8,1,48
BRDA:152,9,0,20
BRDA:179,10,0,40
BRDA:189,11,0,21
BRDA:189,11,1,31
BRDA:192,12,0,6
BRDA:192,13,0,52
BRDA:192,13,1,50
BRDA:192,13,2,3
BRDA:192,13,3,48
BRDA:192,13,4,2
BRDA:195,14,0,6
BRDA:195,14,1,0
BRDA:211,15,0,1
BRDA:241,16,0,15
BRDA:241,16,1,7
BRDA:241,16,2,2
BRDA:241,16,3,7
BRDA:245,17,0,5
BRDA:250,18,0,9
BRF:33
BRH:28
end_of_record
TN:
SF:src/utils/property.ts
FN:12,getFirstBasesPropertyValue
FN:15,(anonymous_1)
FN:15,(anonymous_2)
FN:41,getFirstDatacorePropertyValue
FN:44,(anonymous_4)
FN:44,(anonymous_5)
FN:62,getFirstBasesDatePropertyValue
FN:65,(anonymous_7)
FN:65,(anonymous_8)
FN:91,getFirstDatacoreDatePropertyValue
FN:94,(anonymous_10)
FN:94,(anonymous_11)
FN:114,getAllBasesImagePropertyValues
FN:117,(anonymous_13)
FN:117,(anonymous_14)
FN:158,getAllDatacoreImagePropertyValues
FN:161,(anonymous_16)
FN:161,(anonymous_17)
FN:208,getPropertyLabel
FN:265,getAllVaultProperties
FN:298,(anonymous_20)
FNF:21
FNH:21
FNDA:7,getFirstBasesPropertyValue
FNDA:11,(anonymous_1)
FNDA:11,(anonymous_2)
FNDA:6,getFirstDatacorePropertyValue
FNDA:8,(anonymous_4)
FNDA:8,(anonymous_5)
FNDA:4,getFirstBasesDatePropertyValue
FNDA:5,(anonymous_7)
FNDA:5,(anonymous_8)
FNDA:4,getFirstDatacoreDatePropertyValue
FNDA:6,(anonymous_10)
FNDA:6,(anonymous_11)
FNDA:8,getAllBasesImagePropertyValues
FNDA:10,(anonymous_13)
FNDA:10,(anonymous_14)
FNDA:8,getAllDatacoreImagePropertyValues
FNDA:9,(anonymous_16)
FNDA:9,(anonymous_17)
FNDA:17,getPropertyLabel
FNDA:6,getAllVaultProperties
FNDA:105,(anonymous_20)
DA:12,1
DA:13,7
DA:15,11
DA:17,5
DA:20,10
DA:23,10
DA:25,1
DA:29,10
DA:30,4
DA:34,1
DA:41,1
DA:42,6
DA:44,8
DA:46,4
DA:47,8
DA:50,8
DA:51,3
DA:55,1
DA:62,1
DA:63,4
DA:65,5
DA:67,3
DA:70,5
DA:73,5
DA:75,1
DA:79,5
DA:80,3
DA:84,0
DA:91,1
DA:92,4
DA:94,6
DA:96,3
DA:97,6
DA:100,6
DA:101,2
DA:106,1
DA:114,1
DA:115,8
DA:117,10
DA:118,7
DA:120,7
DA:123,10
DA:126,10
DA:128,1
DA:132,10
DA:133,10
DA:134,10
DA:137,8
DA:138,2
DA:139,6
DA:140,6
DA:141,6
DA:144,6
DA:145,6
DA:146,6
DA:150,7
DA:158,1
DA:159,8
DA:161,9
DA:162,7
DA:164,7
DA:165,9
DA:168,9
DA:170,7
DA:172,2
DA:174,4
DA:175,2
DA:176,2
DA:177,2
DA:178,2
DA:180,2
DA:181,2
DA:182,2
DA:188,5
DA:189,1
DA:190,1
DA:191,1
DA:192,1
DA:194,4
DA:195,4
DA:196,4
DA:201,7
DA:208,1
DA:209,17
DA:212,16
DA:248,16
DA:249,16
DA:252,4
DA:253,2
DA:257,2
DA:265,1
DA:266,6
DA:270,6
DA:271,6
DA:272,6
DA:273,6
DA:274,6
DA:275,6
DA:276,6
DA:277,6
DA:282,6
DA:285,6
DA:287,1
DA:289,1
DA:291,1
DA:292,3
DA:298,6
DA:300,105
DA:301,105
DA:302,105
DA:303,105
DA:306,105
DA:307,105
DA:310,75
DA:311,75
DA:314,69
LF:116
LH:115
BRDA:13,0,0,2
BRDA:13,1,0,7
BRDA:13,1,1,6
BRDA:23,2,0,1
BRDA:23,3,0,10
BRDA:23,3,1,4
BRDA:23,3,2,4
BRDA:23,3,3,1
BRDA:29,4,0,4
BRDA:29,5,0,10
BRDA:29,5,1,4
BRDA:29,5,2,4
BRDA:42,6,0,2
BRDA:42,7,0,6
BRDA:42,7,1,5
BRDA:50,8,0,3
BRDA:50,9,0,8
BRDA:50,9,1,4
BRDA:63,10,0,1
BRDA:63,11,0,4
BRDA:63,11,1,3
BRDA:73,12,0,1
BRDA:73,13,0,5
BRDA:73,13,1,4
BRDA:73,13,2,4
BRDA:73,13,3,1
BRDA:73,13,4,1
BRDA:79,14,0,3
BRDA:79,15,0,5
BRDA:79,15,1,4
BRDA:79,15,2,4
BRDA:79,15,3,4
BRDA:92,16,0,1
BRDA:92,17,0,4
BRDA:92,17,1,3
BRDA:100,18,0,2
BRDA:100,19,0,6
BRDA:100,19,1,5
BRDA:100,19,2,2
BRDA:115,20,0,1
BRDA:115,21,0,8
BRDA:115,21,1,7
BRDA:126,22,0,1
BRDA:126,23,0,10
BRDA:126,23,1,10
BRDA:126,23,2,10
BRDA:126,23,3,1
BRDA:132,24,0,0
BRDA:132,25,0,10
BRDA:132,25,1,10
BRDA:132,26,0,10
BRDA:132,26,1,10
BRDA:134,27,0,2
BRDA:134,28,0,10
BRDA:134,28,1,9
BRDA:137,29,0,2
BRDA:137,29,1,6
BRDA:139,30,0,6
BRDA:139,31,0,6
BRDA:139,31,1,1
BRDA:141,32,0,6
BRDA:144,33,0,6
BRDA:144,34,0,6
BRDA:144,34,1,1
BRDA:146,35,0,6
BRDA:159,36,0,1
BRDA:159,37,0,8
BRDA:159,37,1,7
BRDA:168,38,0,2
BRDA:168,39,0,9
BRDA:168,39,1,8
BRDA:170,40,0,2
BRDA:170,40,1,5
BRDA:174,41,0,2
BRDA:174,41,1,2
BRDA:174,42,0,4
BRDA:174,42,1,2
BRDA:174,42,2,2
BRDA:176,43,0,2
BRDA:176,44,0,2
BRDA:176,44,1,0
BRDA:178,45,0,2
BRDA:180,46,0,2
BRDA:180,47,0,2
BRDA:180,47,1,0
BRDA:182,48,0,2
BRDA:188,49,0,1
BRDA:188,49,1,4
BRDA:188,50,0,5
BRDA:188,50,1,1
BRDA:188,50,2,1
BRDA:190,51,0,1
BRDA:190,52,0,1
BRDA:190,52,1,0
BRDA:192,53,0,1
BRDA:194,54,0,4
BRDA:194,55,0,4
BRDA:194,55,1,1
BRDA:196,56,0,4
BRDA:209,57,0,1
BRDA:209,58,0,17
BRDA:209,58,1,16
BRDA:249,59,0,12
BRDA:252,60,0,2
BRDA:285,61,0,1
BRDA:289,62,0,1
BRDA:302,63,0,105
BRDA:302,63,1,81
BRDA:302,63,2,60
BRDA:303,64,0,105
BRDA:303,64,1,73
BRDA:303,64,2,36
BRDA:306,65,0,0
BRDA:306,66,0,105
BRDA:306,66,1,36
BRDA:307,67,0,30
BRDA:307,68,0,105
BRDA:307,68,1,69
BRDA:310,69,0,0
BRDA:310,70,0,75
BRDA:310,70,1,30
BRDA:311,71,0,6
BRDA:311,72,0,75
BRDA:311,72,1,45
BRF:124
BRH:118
end_of_record
TN:
SF:src/utils/query-sync.ts
FN:7,hasPageSelector
FN:11,ensurePageSelector
FN:31,findQueryInBlock
FN:50,updateQueryInBlock
FNF:4
FNH:0
FNDA:0,hasPageSelector
FNDA:0,ensurePageSelector
FNDA:0,findQueryInBlock
FNDA:0,updateQueryInBlock
DA:7,0
DA:8,0
DA:11,0
DA:12,0
DA:13,0
DA:14,0
DA:16,0
DA:31,0
DA:32,0
DA:33,0
DA:35,0
DA:36,0
DA:39,0
DA:50,0
DA:51,0
DA:53,0
DA:54,0
DA:55,0
DA:58,0
DA:60,0
DA:64,0
LF:21
LH:0
BRDA:13,0,0,0
BRDA:13,1,0,0
BRDA:13,1,1,0
BRDA:35,2,0,0
BRDA:53,3,0,0
BRF:5
BRH:0
end_of_record
TN:
SF:src/utils/randomize.ts
FN:25,shuffleArray
FN:36,getActiveBasesView
FN:79,getActiveDynamicViewsBase
FN:92,openRandomFile
FN:122,toggleShuffleActiveView
FN:147,(anonymous_6)
FNF:6
FNH:6
FNDA:366,shuffleArray
FNDA:19,getActiveBasesView
FNDA:4,getActiveDynamicViewsBase
FNDA:5,openRandomFile
FNDA:4,toggleShuffleActiveView
FNDA:3,(anonymous_6)
DA:2,1
DA:25,1
DA:26,366
DA:27,793
DA:28,793
DA:30,366
DA:36,1
DA:37,19
DA:38,19
DA:40,15
DA:41,15
DA:44,15
DA:45,14
DA:48,14
DA:49,14
DA:53,14
DA:54,11
DA:58,3
DA:68,0
DA:69,0
DA:73,1
DA:79,1
DA:80,4
DA:82,4
DA:83,2
DA:86,2
DA:92,1
DA:93,5
DA:95,5
DA:96,1
DA:97,1
DA:100,4
DA:102,4
DA:103,1
DA:107,3
DA:108,3
DA:110,3
DA:111,1
DA:115,2
DA:116,2
DA:122,1
DA:123,4
DA:125,4
DA:126,1
DA:127,1
DA:131,3
DA:133,3
DA:135,2
DA:136,2
DA:137,2
DA:138,2
DA:140,2
DA:143,2
DA:144,1
DA:145,1
DA:146,1
DA:147,3
DA:148,1
DA:149,1
DA:150,1
DA:154,1
DA:155,1
DA:159,2
DA:160,2
DA:161,2
DA:165,1
DA:166,1
DA:167,1
DA:170,1
DA:171,1
LF:70
LH:68
BRDA:38,0,0,4
BRDA:44,1,0,14
BRDA:44,2,0,15
BRDA:44,2,1,2
BRDA:48,3,0,14
BRDA:48,4,0,14
BRDA:48,4,1,14
BRDA:48,5,0,0
BRDA:48,5,1,14
BRDA:48,6,0,14
BRDA:48,6,1,14
BRDA:48,7,0,0
BRDA:48,7,1,14
BRDA:48,8,0,14
BRDA:48,8,1,14
BRDA:48,9,0,0
BRDA:48,9,1,14
BRDA:48,10,0,14
BRDA:48,10,1,14
BRDA:49,11,0,14
BRDA:49,11,1,0
BRDA:53,12,0,11
BRDA:53,13,0,14
BRDA:53,13,1,6
BRDA:61,14,0,1
BRDA:61,14,1,2
BRDA:61,15,0,3
BRDA:61,15,1,3
BRDA:68,16,0,0
BRDA:82,17,0,2
BRDA:82,18,0,4
BRDA:82,18,1,3
BRDA:82,19,0,1
BRDA:82,19,1,3
BRDA:82,20,0,4
BRDA:82,20,1,3
BRDA:82,21,0,1
BRDA:82,21,1,2
BRDA:82,22,0,3
BRDA:82,22,1,2
BRDA:95,23,0,1
BRDA:100,24,0,0
BRDA:100,24,1,4
BRDA:100,25,0,4
BRDA:100,25,1,4
BRDA:102,26,0,1
BRDA:102,27,0,4
BRDA:102,27,1,4
BRDA:110,28,0,1
BRDA:125,29,0,1
BRDA:131,30,0,3
BRDA:131,30,1,2
BRDA:133,31,0,2
BRDA:133,31,1,1
BRDA:136,32,0,2
BRDA:136,32,1,0
BRDA:136,33,0,2
BRDA:136,33,1,2
BRDA:143,34,0,1
BRDA:143,34,1,1
BRDA:144,35,0,0
BRDA:144,35,1,1
BRDA:144,36,0,1
BRDA:144,36,1,1
BRDA:145,37,0,0
BRDA:145,37,1,1
BRDA:145,38,0,1
BRDA:145,38,1,1
BRDA:146,39,0,1
BRDA:146,40,0,1
BRDA:146,40,1,1
BRDA:159,41,0,2
BRDA:165,42,0,0
BRDA:165,42,1,1
BRDA:165,43,0,1
BRDA:165,43,1,1
BRDA:166,44,0,1
BRDA:166,45,0,1
BRDA:166,45,1,1
BRDA:170,46,0,1
BRF:80
BRH:70
end_of_record
TN:
SF:src/utils/sanitize.ts
FN:6,sanitizeString
FN:18,sanitizeObject
FNF:2
FNH:2
FNDA:24,sanitizeString
FNDA:8,sanitizeObject
DA:6,1
DA:7,24
DA:10,21
DA:18,1
DA:19,8
DA:20,8
DA:21,22
DA:22,12
DA:24,10
DA:27,8
LF:10
LH:10
BRDA:7,0,0,3
BRDA:21,1,0,12
BRDA:21,1,1,10
BRF:3
BRH:3
end_of_record
TN:
SF:src/utils/storage.ts
FN:9,getStorageKey
FN:18,getGlobalStorageKey
FNF:2
FNH:2
FNDA:14,getStorageKey
FNDA:10,getGlobalStorageKey
DA:1,1
DA:9,1
DA:10,14
DA:18,1
DA:19,10
LF:5
LH:5
BRF:0
BRH:0
end_of_record
TN:
SF:src/utils/style-settings.ts
FN:8,getCSSVariable
FN:16,getCSSVariableAsNumber
FN:26,hasBodyClass
FN:33,getMinMasonryColumns
FN:40,getMinGridColumns
FN:47,hasCardBackground
FN:56,showTimestampIcon
FN:63,getTagStyle
FN:72,getCardSpacing
FN:79,shouldShowRecentTimeOnly
FN:86,shouldShowOlderDateOnly
FN:94,getListSeparator
FN:111,getEmptyValueMarker
FN:128,shouldHideMissingProperties
FN:136,shouldHideEmptyProperties
FN:158,applyCustomColors
FNF:16
FNH:0
FNDA:0,getCSSVariable
FNDA:0,getCSSVariableAsNumber
FNDA:0,hasBodyClass
FNDA:0,getMinMasonryColumns
FNDA:0,getMinGridColumns
FNDA:0,hasCardBackground
FNDA:0,showTimestampIcon
FNDA:0,getTagStyle
FNDA:0,getCardSpacing
FNDA:0,shouldShowRecentTimeOnly
FNDA:0,shouldShowOlderDateOnly
FNDA:0,getListSeparator
FNDA:0,getEmptyValueMarker
FNDA:0,shouldHideMissingProperties
FNDA:0,shouldHideEmptyProperties
FNDA:0,applyCustomColors
DA:9,0
DA:10,0
DA:17,0
DA:18,0
DA:19,0
DA:20,0
DA:27,0
DA:33,0
DA:34,0
DA:40,0
DA:41,0
DA:47,0
DA:48,0
DA:56,0
DA:57,0
DA:63,0
DA:64,0
DA:65,0
DA:66,0
DA:72,0
DA:73,0
DA:79,0
DA:80,0
DA:86,0
DA:87,0
DA:94,0
DA:96,0
DA:99,0
DA:100,0
DA:104,0
DA:111,0
DA:113,0
DA:116,0
DA:117,0
DA:121,0
DA:128,0
DA:129,0
DA:136,0
DA:137,0
DA:158,0
DA:163,0
DA:164,0
DA:166,0
DA:167,0
DA:169,0
DA:170,0
DA:172,0
DA:173,0
DA:175,0
DA:176,0
LF:50
LH:0
BRDA:10,0,0,0
BRDA:10,0,1,0
BRDA:18,1,0,0
BRDA:20,2,0,0
BRDA:20,2,1,0
BRDA:64,3,0,0
BRDA:65,4,0,0
BRDA:99,5,0,0
BRDA:99,6,0,0
BRDA:99,6,1,0
BRDA:99,6,2,0
BRDA:99,6,3,0
BRDA:104,7,0,0
BRDA:104,7,1,0
BRDA:116,8,0,0
BRDA:116,9,0,0
BRDA:116,9,1,0
BRDA:116,9,2,0
BRDA:116,9,3,0
BRDA:121,10,0,0
BRDA:121,10,1,0
BRDA:163,11,0,0
BRDA:163,12,0,0
BRDA:163,12,1,0
BRDA:163,13,0,0
BRDA:163,13,1,0
BRDA:166,14,0,0
BRDA:166,15,0,0
BRDA:166,15,1,0
BRDA:166,16,0,0
BRDA:166,16,1,0
BRDA:169,17,0,0
BRDA:169,18,0,0
BRDA:169,18,1,0
BRDA:169,19,0,0
BRDA:169,19,1,0
BRDA:172,20,0,0
BRDA:172,21,0,0
BRDA:172,21,1,0
BRDA:172,22,0,0
BRDA:172,22,1,0
BRDA:175,23,0,0
BRDA:175,24,0,0
BRDA:175,24,1,0
BRDA:175,25,0,0
BRDA:175,25,1,0
BRF:46
BRH:0
end_of_record
